                      :-) GROMACS - gmx mdrun, 2024.1 (-:

Copyright 1991-2024 The GROMACS Authors.
GROMACS is free software; you can redistribute it and/or modify it
under the terms of the GNU Lesser General Public License
as published by the Free Software Foundation; either version 2.1
of the License, or (at your option) any later version.

                         Current GROMACS contributors:
       Mark Abraham           Andrey Alekseenko           Vladimir Basov      
      Cathrine Bergh            Eliane Briand               Ania Brown        
      Mahesh Doijade            Giacomo Fiorin          Stefan Fleischmann    
      Sergey Gorelov         Gilles Gouaillardet            Alan Gray         
     M. Eric Irrgang         Farzaneh Jalalypour            Joe Jordan        
     Carsten Kutzner           Justin A. Lemkul          Magnus Lundborg      
       Pascal Merz              Vedran Miletic            Dmitry Morozov      
       Julien Nabet              Szilard Pall        Andrea Pasquadibisceglie 
    Michele Pellegrino          Hubert Santuz             Roland Schulz       
     Tatiana Shugaeva          Alexey Shvetsov            Philip Turner       
     Alessandra Villa      Sebastian Wingbermuehle  

                         Previous GROMACS contributors:
        Emile Apol             Rossen Apostolov           James Barnett       
        Paul Bauer          Herman J.C. Berendsen          Par Bjelkmar       
      Christian Blau          Viacheslav Bolnykh            Kevin Boyd        
    Aldert van Buuren          Carlo Camilloni           Rudi van Drunen      
      Anton Feenstra           Oliver Fleetwood            Vytas Gapsys       
       Gaurav Garg             Gerrit Groenhof            Bert de Groot       
      Anca Hamuraru           Vincent Hindriksen          Victor Holanda      
     Aleksei Iupinov          Christoph Junghans        Prashanth Kanduri     
   Dimitrios Karkoulis           Peter Kasson             Sebastian Kehl      
     Sebastian Keller             Jiri Kraus               Per Larsson        
      Viveca Lindahl            Erik Marklund           Pieter Meulenhoff     
      Teemu Murtola              Sander Pronk             Michael Shirts      
      Alfons Sijbers            Balint Soproni         David van der Spoel    
      Peter Tieleman            Carsten Uphoff             Jon Vincent        
     Teemu Virolainen         Christian Wennberg           Maarten Wolf       
      Artem Zhmurov       

                  Coordinated by the GROMACS project leaders:
                           Berk Hess and Erik Lindahl

GROMACS:      gmx mdrun, version 2024.1
Executable:   /usr/local/gromacs-2024/bin/gmx24
Data prefix:  /usr/local/gromacs-2024
Working dir:  /media/gepess2/ssd/anajul/ofatumumab-cd20/scFvs/nativo/termalizacao
Process ID:   2617892
Command line:
  gmx24 mdrun -nice 4 -s pr3.tpr -deffnm pr3 -v

GROMACS version:     2024.1
Precision:           mixed
Memory model:        64 bit
MPI library:         thread_mpi
OpenMP support:      enabled (GMX_OPENMP_MAX_THREADS = 128)
GPU support:         CUDA
NBNxM GPU setup:     super-cluster 2x2x2 / cluster 8
SIMD instructions:   AVX2_256
CPU FFT library:     fftw-3.3.8-sse2-avx-avx2-avx2_128
GPU FFT library:     cuFFT
Multi-GPU FFT:       none
RDTSCP usage:        enabled
TNG support:         enabled
Hwloc support:       disabled
Tracing support:     disabled
C compiler:          /usr/bin/cc GNU 9.4.0
C compiler flags:    -fexcess-precision=fast -funroll-all-loops -mavx2 -mfma -Wno-missing-field-initializers -O3 -DNDEBUG
C++ compiler:        /usr/bin/c++ GNU 9.4.0
C++ compiler flags:  -fexcess-precision=fast -funroll-all-loops -mavx2 -mfma -Wno-missing-field-initializers -Wno-cast-function-type-strict -fopenmp -O3 -DNDEBUG
BLAS library:        Internal
LAPACK library:      Internal
CUDA compiler:       /usr/local/cuda-11/bin/nvcc nvcc: NVIDIA (R) Cuda compiler driver;Copyright (c) 2005-2021 NVIDIA Corporation;Built on Mon_Sep_13_19:13:29_PDT_2021;Cuda compilation tools, release 11.5, V11.5.50;Build cuda_11.5.r11.5/compiler.30411180_0
CUDA compiler flags:-std=c++17;--generate-code=arch=compute_35,code=sm_35;--generate-code=arch=compute_37,code=sm_37;--generate-code=arch=compute_50,code=sm_50;--generate-code=arch=compute_52,code=sm_52;--generate-code=arch=compute_60,code=sm_60;--generate-code=arch=compute_61,code=sm_61;--generate-code=arch=compute_70,code=sm_70;--generate-code=arch=compute_75,code=sm_75;--generate-code=arch=compute_80,code=sm_80;--generate-code=arch=compute_86,code=sm_86;-Wno-deprecated-gpu-targets;--generate-code=arch=compute_53,code=sm_53;--generate-code=arch=compute_80,code=sm_80;-use_fast_math;-Xptxas;-warn-double-usage;-Xptxas;-Werror;-D_FORCE_INLINES;-Xcompiler;-fopenmp;-fexcess-precision=fast -funroll-all-loops -mavx2 -mfma -Wno-missing-field-initializers -Wno-cast-function-type-strict -fopenmp -O3 -DNDEBUG
CUDA driver:         12.20
CUDA runtime:        11.50


Running on 1 node with total 20 cores, 40 processing units, 8 compatible GPUs
Hardware detected on host gepess2:
  CPU info:
    Vendor: Intel
    Brand:  Intel(R) Xeon(R) Gold 5215 CPU @ 2.50GHz
    Family: 6   Model: 85   Stepping: 7
    Features: aes apic avx avx2 avx512f avx512cd avx512bw avx512vl clfsh cmov cx8 cx16 f16c fma htt intel lahf mmx msr nonstop_tsc pcid pclmuldq pdcm pdpe1gb popcnt pse rdrnd rdtscp sse2 sse3 sse4.1 sse4.2 ssse3 tdt x2apic
    Number of AVX-512 FMA units: 1 (For Intel, AVX2 is faster w/o 2 AVX-512 FMA units)
  Hardware topology: Basic
    Packages, cores, and logical processors:
    [indices refer to OS logical processors]
      Package  0: [   0  20] [   1  21] [   2  22] [   3  23] [   4  24] [   5  25] [   6  26] [   7  27] [   8  28] [   9  29]
      Package  1: [  10  30] [  11  31] [  12  32] [  13  33] [  14  34] [  15  35] [  16  36] [  17  37] [  18  38] [  19  39]
    CPU limit set by OS: -1   Recommended max number of threads: 40
  GPU info:
    Number of GPUs detected: 8
    #0: NVIDIA NVIDIA RTX A6000, compute cap.: 8.6, ECC:  no, stat: compatible
    #1: NVIDIA NVIDIA RTX A6000, compute cap.: 8.6, ECC:  no, stat: compatible
    #2: NVIDIA NVIDIA RTX A6000, compute cap.: 8.6, ECC:  no, stat: compatible
    #3: NVIDIA NVIDIA RTX A6000, compute cap.: 8.6, ECC:  no, stat: compatible
    #4: NVIDIA NVIDIA RTX A6000, compute cap.: 8.6, ECC:  no, stat: compatible
    #5: NVIDIA NVIDIA RTX A6000, compute cap.: 8.6, ECC:  no, stat: compatible
    #6: NVIDIA NVIDIA RTX A6000, compute cap.: 8.6, ECC:  no, stat: compatible
    #7: NVIDIA NVIDIA RTX A6000, compute cap.: 8.6, ECC:  no, stat: compatible


++++ PLEASE READ AND CITE THE FOLLOWING REFERENCE ++++
M. J. Abraham, T. Murtola, R. Schulz, S. Páll, J. C. Smith, B. Hess, E.
Lindahl
GROMACS: High performance molecular simulations through multi-level
parallelism from laptops to supercomputers
SoftwareX 1 (2015) pp. 19-25
-------- -------- --- Thank You --- -------- --------


++++ PLEASE READ AND CITE THE FOLLOWING REFERENCE ++++
S. Páll, M. J. Abraham, C. Kutzner, B. Hess, E. Lindahl
Tackling Exascale Software Challenges in Molecular Dynamics Simulations with
GROMACS
In S. Markidis & E. Laure (Eds.), Solving Software Challenges for Exascale 8759 (2015) pp. 3-27
-------- -------- --- Thank You --- -------- --------


++++ PLEASE READ AND CITE THE FOLLOWING REFERENCE ++++
S. Pronk, S. Páll, R. Schulz, P. Larsson, P. Bjelkmar, R. Apostolov, M. R.
Shirts, J. C. Smith, P. M. Kasson, D. van der Spoel, B. Hess, and E. Lindahl
GROMACS 4.5: a high-throughput and highly parallel open source molecular
simulation toolkit
Bioinformatics 29 (2013) pp. 845-54
-------- -------- --- Thank You --- -------- --------


++++ PLEASE READ AND CITE THE FOLLOWING REFERENCE ++++
B. Hess and C. Kutzner and D. van der Spoel and E. Lindahl
GROMACS 4: Algorithms for highly efficient, load-balanced, and scalable
molecular simulation
J. Chem. Theory Comput. 4 (2008) pp. 435-447
-------- -------- --- Thank You --- -------- --------


++++ PLEASE READ AND CITE THE FOLLOWING REFERENCE ++++
D. van der Spoel, E. Lindahl, B. Hess, G. Groenhof, A. E. Mark and H. J. C.
Berendsen
GROMACS: Fast, Flexible and Free
J. Comp. Chem. 26 (2005) pp. 1701-1719
-------- -------- --- Thank You --- -------- --------


++++ PLEASE READ AND CITE THE FOLLOWING REFERENCE ++++
E. Lindahl and B. Hess and D. van der Spoel
GROMACS 3.0: A package for molecular simulation and trajectory analysis
J. Mol. Mod. 7 (2001) pp. 306-317
-------- -------- --- Thank You --- -------- --------


++++ PLEASE READ AND CITE THE FOLLOWING REFERENCE ++++
H. J. C. Berendsen, D. van der Spoel and R. van Drunen
GROMACS: A message-passing parallel molecular dynamics implementation
Comp. Phys. Comm. 91 (1995) pp. 43-56
-------- -------- --- Thank You --- -------- --------


++++ PLEASE CITE THE DOI FOR THIS VERSION OF GROMACS ++++
https://doi.org/10.5281/zenodo.10721181
-------- -------- --- Thank You --- -------- --------

Multiple energy groups is not implemented for GPUs, falling back to the CPU. For better performance, run on the GPU without energy groups and then do gmx mdrun -rerun option on the trajectory with an energy group .tpr file.
Input Parameters:
   integrator                     = md
   tinit                          = 0
   dt                             = 0.001
   nsteps                         = 5000
   init-step                      = 0
   simulation-part                = 1
   mts                            = false
   mass-repartition-factor        = 1
   comm-mode                      = Linear
   nstcomm                        = 100
   bd-fric                        = 0
   ld-seed                        = -282076290
   emtol                          = 10
   emstep                         = 0.01
   niter                          = 20
   fcstep                         = 0
   nstcgsteep                     = 1000
   nbfgscorr                      = 10
   rtpi                           = 0.05
   nstxout                        = 1000
   nstvout                        = 2000
   nstfout                        = 0
   nstlog                         = 500
   nstcalcenergy                  = 100
   nstenergy                      = 500
   nstxout-compressed             = 500
   compressed-x-precision         = 1000
   cutoff-scheme                  = Verlet
   nstlist                        = 10
   pbc                            = xyz
   periodic-molecules             = false
   verlet-buffer-tolerance        = 0.005
   verlet-buffer-pressure-tolerance = 0.5
   rlist                          = 1
   coulombtype                    = PME
   coulomb-modifier               = Potential-shift
   rcoulomb-switch                = 0
   rcoulomb                       = 1
   epsilon-r                      = 1
   epsilon-rf                     = inf
   vdw-type                       = Cut-off
   vdw-modifier                   = Potential-shift
   rvdw-switch                    = 0
   rvdw                           = 1
   DispCorr                       = EnerPres
   table-extension                = 1
   fourierspacing                 = 0.12
   fourier-nx                     = 84
   fourier-ny                     = 84
   fourier-nz                     = 84
   pme-order                      = 4
   ewald-rtol                     = 1e-05
   ewald-rtol-lj                  = 0.001
   lj-pme-comb-rule               = Geometric
   ewald-geometry                 = 3d
   epsilon-surface                = 0
   ensemble-temperature-setting   = constant
   ensemble-temperature           = 310
   tcoupl                         = V-rescale
   nsttcouple                     = 25
   nh-chain-length                = 0
   print-nose-hoover-chain-variables = false
   pcoupl                         = No
   refcoord-scaling               = No
   posres-com (3):
      posres-com[0]= 0.00000e+00
      posres-com[1]= 0.00000e+00
      posres-com[2]= 0.00000e+00
   posres-comB (3):
      posres-comB[0]= 0.00000e+00
      posres-comB[1]= 0.00000e+00
      posres-comB[2]= 0.00000e+00
   QMMM                           = false
qm-opts:
   ngQM                           = 0
   constraint-algorithm           = Lincs
   continuation                   = false
   Shake-SOR                      = false
   shake-tol                      = 0.0001
   lincs-order                    = 2
   lincs-iter                     = 1
   lincs-warnangle                = 30
   nwall                          = 0
   wall-type                      = 9-3
   wall-r-linpot                  = -1
   wall-atomtype[0]               = -1
   wall-atomtype[1]               = -1
   wall-density[0]                = 0
   wall-density[1]                = 0
   wall-ewald-zfac                = 3
   pull                           = false
   awh                            = false
   rotation                       = false
   interactiveMD                  = false
   disre                          = No
   disre-weighting                = Conservative
   disre-mixed                    = false
   dr-fc                          = 1000
   dr-tau                         = 0
   nstdisreout                    = 100
   orire-fc                       = 0
   orire-tau                      = 0
   nstorireout                    = 100
   free-energy                    = no
   cos-acceleration               = 0
   deform (3x3):
      deform[    0]={ 0.00000e+00,  0.00000e+00,  0.00000e+00}
      deform[    1]={ 0.00000e+00,  0.00000e+00,  0.00000e+00}
      deform[    2]={ 0.00000e+00,  0.00000e+00,  0.00000e+00}
   simulated-tempering            = false
   swapcoords                     = no
   userint1                       = 0
   userint2                       = 0
   userint3                       = 0
   userint4                       = 0
   userreal1                      = 0
   userreal2                      = 0
   userreal3                      = 0
   userreal4                      = 0
   applied-forces:
     electric-field:
       x:
         E0                       = 0
         omega                    = 0
         t0                       = 0
         sigma                    = 0
       y:
         E0                       = 0
         omega                    = 0
         t0                       = 0
         sigma                    = 0
       z:
         E0                       = 0
         omega                    = 0
         t0                       = 0
         sigma                    = 0
     density-guided-simulation:
       active                     = false
       group                      = protein
       similarity-measure         = inner-product
       atom-spreading-weight      = unity
       force-constant             = 1e+09
       gaussian-transform-spreading-width = 0.2
       gaussian-transform-spreading-range-in-multiples-of-width = 4
       reference-density-filename = reference.mrc
       nst                        = 1
       normalize-densities        = true
       adaptive-force-scaling     = false
       adaptive-force-scaling-time-constant = 4
       shift-vector               = 
       transformation-matrix      = 
     qmmm-cp2k:
       active                     = false
       qmgroup                    = System
       qmmethod                   = PBE
       qmfilenames                = 
       qmcharge                   = 0
       qmmultiplicity             = 1
     colvars:
       active                     = false
       configfile                 = 
       seed                       = -1
grpopts:
   nrdf:      9031.8      125661     371.992
   ref-t:         310         310         310
   tau-t:         0.2         0.2         0.2
annealing:          No          No          No
annealing-npoints:           0           0           0
   acc:	           0           0           0
   nfreeze:           N           N           N
   energygrp-flags[  0]: 0 0 0
   energygrp-flags[  1]: 0 0 0
   energygrp-flags[  2]: 0 0 0

Changing nstlist from 10 to 100, rlist from 1 to 1.111


Initializing Domain Decomposition on 40 ranks
Dynamic load balancing: auto
Using update groups, nr 22906, average size 2.9 atoms, max. radius 0.139 nm
Minimum cell size due to atom displacement: 0.404 nm
Initial maximum distances in bonded interactions:
    two-body bonded interactions: 0.447 nm, LJ-14, atoms 321 1457
  multi-body bonded interactions: 0.483 nm, CMAP Dih., atoms 2934 2947
Minimum cell size due to bonded interactions: 0.531 nm
Scaling the initial minimum size with 1/0.8 (option -dds) = 1.25
Guess for relative PME load: 0.23
Will use 30 particle-particle and 10 PME only ranks
This is a guess, check the performance at the end of the log file
Using 10 separate PME ranks, as guessed by mdrun
Optimizing the DD grid for 30 cells with a minimum initial size of 0.664 nm
The maximum allowed number of cells is: X 12 Y 12 Z 10
Domain decomposition grid 10 x 3 x 1, separate PME ranks 10
PME domain decomposition: 10 x 1 x 1
Interleaving PP and PME ranks
This rank does only particle-particle work.
Domain decomposition rank 0, coordinates 0 0 0

The initial number of communication pulses is: X 2 Y 1
The initial domain decomposition cell size is: X 0.80 nm Y 2.68 nm

The maximum allowed distance for atom groups involved in interactions is:
                 non-bonded interactions           1.389 nm
            two-body bonded interactions  (-rdd)   1.389 nm
          multi-body bonded interactions  (-rdd)   0.804 nm

When dynamic load balancing gets turned on, these settings will change to:
The maximum number of communication pulses is: X 3 Y 2
The minimum size for domain decomposition cells is 0.643 nm
The requested allowed shrink of DD cells (option -dds) is: 0.80
The allowed shrink of domain decomposition cells is: X 0.80 Y 0.26
The maximum allowed distance for atom groups involved in interactions is:
                 non-bonded interactions           1.389 nm
            two-body bonded interactions  (-rdd)   1.389 nm
          multi-body bonded interactions  (-rdd)   0.643 nm

Using 40 MPI threads
Using 1 OpenMP thread per tMPI thread

System total charge: 0.000
Will do PME sum in reciprocal space for electrostatic interactions.

++++ PLEASE READ AND CITE THE FOLLOWING REFERENCE ++++
U. Essmann, L. Perera, M. L. Berkowitz, T. Darden, H. Lee and L. G. Pedersen 
A smooth particle mesh Ewald method
J. Chem. Phys. 103 (1995) pp. 8577-8592
-------- -------- --- Thank You --- -------- --------

Using a Gaussian width (1/beta) of 0.320163 nm for Ewald
Potential shift: LJ r^-12: -1.000e+00 r^-6: -1.000e+00, Ewald -1.000e-05
Initialized non-bonded Coulomb Ewald tables, spacing: 9.33e-04 size: 1073

Generated table with 1055 data points for 1-4 COUL.
Tabscale = 500 points/nm
Generated table with 1055 data points for 1-4 LJ6.
Tabscale = 500 points/nm
Generated table with 1055 data points for 1-4 LJ12.
Tabscale = 500 points/nm
Long Range LJ corr.: <C6> 3.2265e-04


Using SIMD4xM 4x8 nonbonded short-range kernels

Using a dual 4x8 pair-list setup updated with dynamic pruning:
  outer list: updated every 100 steps, buffer 0.111 nm, rlist 1.111 nm
  inner list: updated every  17 steps, buffer 0.000 nm, rlist 1.000 nm
At tolerance 0.005 kJ/mol/ps per atom, equivalent classical 1x1 list would be:
  outer list: updated every 100 steps, buffer 0.238 nm, rlist 1.238 nm
  inner list: updated every  17 steps, buffer 0.031 nm, rlist 1.031 nm

The average pressure is off by at most 0.46 bar due to missing LJ interactions

Using full Lennard-Jones parameter combination matrix
Removing pbc first time

Linking all bonded interactions to atoms


Pinning threads with an auto-selected logical cpu stride of 1

Initializing LINear Constraint Solver

++++ PLEASE READ AND CITE THE FOLLOWING REFERENCE ++++
B. Hess and H. Bekker and H. J. C. Berendsen and J. G. E. M. Fraaije
LINCS: A Linear Constraint Solver for molecular simulations
J. Comp. Chem. 18 (1997) pp. 1463-1472
-------- -------- --- Thank You --- -------- --------

The number of constraints is 1759

++++ PLEASE READ AND CITE THE FOLLOWING REFERENCE ++++
S. Miyamoto and P. A. Kollman
SETTLE: An Analytical Version of the SHAKE and RATTLE Algorithms for Rigid
Water Models
J. Comp. Chem. 13 (1992) pp. 952-962
-------- -------- --- Thank You --- -------- --------

Intra-simulation communication will occur every 25 steps.

++++ PLEASE READ AND CITE THE FOLLOWING REFERENCE ++++
G. Bussi, D. Donadio and M. Parrinello
Canonical sampling through velocity rescaling
J. Chem. Phys. 126 (2007) pp. 014101
-------- -------- --- Thank You --- -------- --------

There are: 66553 Atoms
Atom distribution over 30 domains: av 2218 stddev 58 min 2145 max 2279

Constraining the starting coordinates (step 0)

Constraining the coordinates at t0-dt (step 0)
Center of mass motion removal mode is Linear
We have the following groups for center of mass motion removal:
  0:  rest
RMS relative constraint deviation after constraining: 1.55e-06
Initial temperature: 288.729 K

Started mdrun on rank 0 Tue Mar 17 03:11:48 2026

           Step           Time
              0        0.00000

   Energies (kJ/mol)
           Bond            U-B    Proper Dih.  Improper Dih.      CMAP Dih.
    7.55967e+02    2.20825e+03    8.68247e+03    1.12820e+02   -3.88909e+02
          LJ-14     Coulomb-14        LJ (SR)  Disper. corr.   Coulomb (SR)
    2.80259e+03    4.33428e+04    9.02131e+04   -8.84533e+03   -1.06313e+06
   Coul. recip.      Potential    Kinetic En.   Total Energy  Conserved En.
    6.79442e+03   -9.17448e+05    1.62152e+05   -7.55296e+05   -7.55296e+05
    Temperature Pres. DC (bar) Pressure (bar)   Constr. rmsd
    2.88785e+02   -2.17560e+02   -6.50167e+01    1.67347e-06


DD  step 99 load imb.: force  6.6%  pme mesh/force 0.620

step 200 Turning on dynamic load balancing, because the performance loss due to load imbalance is 5.2 %.

DD  step 499  vol min/aver 0.963  load imb.: force  4.3%  pme mesh/force 0.672
           Step           Time
            500        0.50000

   Energies (kJ/mol)
           Bond            U-B    Proper Dih.  Improper Dih.      CMAP Dih.
    2.12646e+03    6.52142e+03    1.00066e+04    4.04766e+02   -6.53425e+02
          LJ-14     Coulomb-14        LJ (SR)  Disper. corr.   Coulomb (SR)
    2.65457e+03    4.21988e+04    8.99528e+04   -8.84533e+03   -1.06429e+06
   Coul. recip.      Potential    Kinetic En.   Total Energy  Conserved En.
    6.49445e+03   -9.13430e+05    1.71407e+05   -7.42023e+05   -7.55134e+05
    Temperature Pres. DC (bar) Pressure (bar)   Constr. rmsd
    3.05268e+02   -2.17560e+02   -3.49545e+02    2.47317e-06


DD  step 999  vol min/aver 0.905  load imb.: force  3.6%  pme mesh/force 0.654
           Step           Time
           1000        1.00000

   Energies (kJ/mol)
           Bond            U-B    Proper Dih.  Improper Dih.      CMAP Dih.
    2.53804e+03    7.24991e+03    1.00426e+04    4.77681e+02   -7.38239e+02
          LJ-14     Coulomb-14        LJ (SR)  Disper. corr.   Coulomb (SR)
    2.72922e+03    4.21037e+04    8.92079e+04   -8.84533e+03   -1.06323e+06
   Coul. recip.      Potential    Kinetic En.   Total Energy  Conserved En.
    6.55186e+03   -9.11910e+05    1.73637e+05   -7.38273e+05   -7.55142e+05
    Temperature Pres. DC (bar) Pressure (bar)   Constr. rmsd
    3.09239e+02   -2.17560e+02   -5.09678e+02    2.61497e-06


DD  step 1499  vol min/aver 0.875  load imb.: force  2.4%  pme mesh/force 0.645
           Step           Time
           1500        1.50000

   Energies (kJ/mol)
           Bond            U-B    Proper Dih.  Improper Dih.      CMAP Dih.
    2.71361e+03    7.42047e+03    1.01532e+04    4.86541e+02   -7.53866e+02
          LJ-14     Coulomb-14        LJ (SR)  Disper. corr.   Coulomb (SR)
    2.86569e+03    4.24588e+04    8.99564e+04   -8.84533e+03   -1.06278e+06
   Coul. recip.      Potential    Kinetic En.   Total Energy  Conserved En.
    6.34994e+03   -9.09970e+05    1.74614e+05   -7.35355e+05   -7.55142e+05
    Temperature Pres. DC (bar) Pressure (bar)   Constr. rmsd
    3.10980e+02   -2.17560e+02   -3.89855e+02    2.59685e-06


DD  step 1999  vol min/aver 0.883  load imb.: force  2.3%  pme mesh/force 0.653
           Step           Time
           2000        2.00000

   Energies (kJ/mol)
           Bond            U-B    Proper Dih.  Improper Dih.      CMAP Dih.
    2.84070e+03    7.89672e+03    9.98939e+03    5.28090e+02   -7.67557e+02
          LJ-14     Coulomb-14        LJ (SR)  Disper. corr.   Coulomb (SR)
    2.75756e+03    4.26868e+04    8.95883e+04   -8.84533e+03   -1.06257e+06
   Coul. recip.      Potential    Kinetic En.   Total Energy  Conserved En.
    6.41617e+03   -9.09478e+05    1.73555e+05   -7.35922e+05   -7.55131e+05
    Temperature Pres. DC (bar) Pressure (bar)   Constr. rmsd
    3.09094e+02   -2.17560e+02   -4.40983e+02    2.66045e-06


DD  step 2499  vol min/aver 0.888  load imb.: force  2.6%  pme mesh/force 0.640
           Step           Time
           2500        2.50000

   Energies (kJ/mol)
           Bond            U-B    Proper Dih.  Improper Dih.      CMAP Dih.
    2.80432e+03    7.99419e+03    1.00204e+04    5.26194e+02   -8.49614e+02
          LJ-14     Coulomb-14        LJ (SR)  Disper. corr.   Coulomb (SR)
    2.79799e+03    4.25521e+04    8.91123e+04   -8.84533e+03   -1.06141e+06
   Coul. recip.      Potential    Kinetic En.   Total Energy  Conserved En.
    6.49796e+03   -9.08795e+05    1.73409e+05   -7.35386e+05   -7.55132e+05
    Temperature Pres. DC (bar) Pressure (bar)   Constr. rmsd
    3.08834e+02   -2.17560e+02   -4.52265e+02    2.68940e-06


DD  step 2999  vol min/aver 0.901  load imb.: force  3.2%  pme mesh/force 0.654
           Step           Time
           3000        3.00000

   Energies (kJ/mol)
           Bond            U-B    Proper Dih.  Improper Dih.      CMAP Dih.
    2.96813e+03    7.93909e+03    9.80243e+03    5.15482e+02   -7.92551e+02
          LJ-14     Coulomb-14        LJ (SR)  Disper. corr.   Coulomb (SR)
    2.77489e+03    4.25952e+04    8.94640e+04   -8.84533e+03   -1.06315e+06
   Coul. recip.      Potential    Kinetic En.   Total Energy  Conserved En.
    6.37835e+03   -9.10354e+05    1.74105e+05   -7.36250e+05   -7.55134e+05
    Temperature Pres. DC (bar) Pressure (bar)   Constr. rmsd
    3.10072e+02   -2.17560e+02   -5.17510e+02    2.67051e-06


DD  step 3499  vol min/aver 0.901  load imb.: force  3.1%  pme mesh/force 0.643
           Step           Time
           3500        3.50000

   Energies (kJ/mol)
           Bond            U-B    Proper Dih.  Improper Dih.      CMAP Dih.
    2.94994e+03    8.04576e+03    9.94457e+03    5.50725e+02   -7.42880e+02
          LJ-14     Coulomb-14        LJ (SR)  Disper. corr.   Coulomb (SR)
    2.80474e+03    4.26612e+04    8.92942e+04   -8.84533e+03   -1.06290e+06
   Coul. recip.      Potential    Kinetic En.   Total Energy  Conserved En.
    6.45125e+03   -9.09790e+05    1.73672e+05   -7.36118e+05   -7.55131e+05
    Temperature Pres. DC (bar) Pressure (bar)   Constr. rmsd
    3.09303e+02   -2.17560e+02   -4.48914e+02    2.67207e-06


DD  step 3999  vol min/aver 0.888  load imb.: force  3.1%  pme mesh/force 0.662
           Step           Time
           4000        4.00000

   Energies (kJ/mol)
           Bond            U-B    Proper Dih.  Improper Dih.      CMAP Dih.
    3.21783e+03    8.25482e+03    9.76029e+03    5.26785e+02   -7.85552e+02
          LJ-14     Coulomb-14        LJ (SR)  Disper. corr.   Coulomb (SR)
    2.74559e+03    4.24324e+04    8.97338e+04   -8.84533e+03   -1.06292e+06
   Coul. recip.      Potential    Kinetic En.   Total Energy  Conserved En.
    6.47031e+03   -9.09404e+05    1.74353e+05   -7.35051e+05   -7.55133e+05
    Temperature Pres. DC (bar) Pressure (bar)   Constr. rmsd
    3.10515e+02   -2.17560e+02   -4.32035e+02    2.54257e-06


DD  step 4499  vol min/aver 0.875  load imb.: force  4.0%  pme mesh/force 0.646
           Step           Time
           4500        4.50000

   Energies (kJ/mol)
           Bond            U-B    Proper Dih.  Improper Dih.      CMAP Dih.
    3.17486e+03    8.44558e+03    9.74038e+03    5.28004e+02   -8.02265e+02
          LJ-14     Coulomb-14        LJ (SR)  Disper. corr.   Coulomb (SR)
    2.80664e+03    4.22304e+04    8.93309e+04   -8.84533e+03   -1.06367e+06
   Coul. recip.      Potential    Kinetic En.   Total Energy  Conserved En.
    6.40591e+03   -9.10655e+05    1.74151e+05   -7.36504e+05   -7.55129e+05
    Temperature Pres. DC (bar) Pressure (bar)   Constr. rmsd
    3.10155e+02   -2.17560e+02   -3.73782e+02    2.68541e-06


DD  step 4999  vol min/aver 0.862  load imb.: force  2.6%  pme mesh/force 0.650
           Step           Time
           5000        5.00000

Writing checkpoint, step 5000 at Tue Mar 17 03:12:15 2026


   Energies (kJ/mol)
           Bond            U-B    Proper Dih.  Improper Dih.      CMAP Dih.
    3.07212e+03    8.42023e+03    9.83349e+03    4.77735e+02   -8.01962e+02
          LJ-14     Coulomb-14        LJ (SR)  Disper. corr.   Coulomb (SR)
    2.75466e+03    4.21992e+04    9.10854e+04   -8.84533e+03   -1.06653e+06
   Coul. recip.      Potential    Kinetic En.   Total Energy  Conserved En.
    6.35999e+03   -9.11970e+05    1.73266e+05   -7.38705e+05   -7.55129e+05
    Temperature Pres. DC (bar) Pressure (bar)   Constr. rmsd
    3.08578e+02   -2.17560e+02   -3.87024e+02    2.68179e-06


Energy conservation over simulation part #1 of length 5 ps, time 0 to 5 ps
  Conserved energy drift: 5.03e-04 kJ/mol/ps per atom


	<======  ###############  ==>
	<====  A V E R A G E S  ====>
	<==  ###############  ======>

	Statistics over 5001 steps using 51 frames

   Energies (kJ/mol)
           Bond            U-B    Proper Dih.  Improper Dih.      CMAP Dih.
    2.76240e+03    7.57192e+03    9.89312e+03    4.89179e+02   -7.34224e+02
          LJ-14     Coulomb-14        LJ (SR)  Disper. corr.   Coulomb (SR)
    2.74351e+03    4.24004e+04    8.93800e+04   -8.84533e+03   -1.06296e+06
   Coul. recip.      Potential    Kinetic En.   Total Energy  Conserved En.
    6.46991e+03   -9.10825e+05    1.73068e+05   -7.37756e+05   -7.55136e+05
    Temperature Pres. DC (bar) Pressure (bar)   Constr. rmsd
    3.08227e+02   -2.17560e+02   -4.67289e+02    0.00000e+00

   Total Virial (kJ/mol)
    6.70430e+04    1.52897e+02   -2.67544e+02
    1.54269e+02    6.67282e+04   -2.60372e+02
   -2.67077e+02   -2.61718e+02    6.78296e+04

   Pressure (bar)
   -4.58713e+02   -6.94151e+00    1.54119e+01
   -7.00892e+00   -4.41793e+02    1.05372e+01
    1.53890e+01    1.06034e+01   -5.01363e+02

  Epot (kJ/mol)        Coul-SR          LJ-SR        Coul-14          LJ-14   
Protein-Protein   -6.24803e+04   -4.82435e+03    4.24004e+04    2.74351e+03
    Protein-SOL   -1.78899e+04   -1.80795e+03    0.00000e+00    0.00000e+00
   Protein-rest   -6.38674e+01    3.92079e+00    0.00000e+00    0.00000e+00
        SOL-SOL   -9.07832e+05    9.13075e+04    0.00000e+00    0.00000e+00
       SOL-rest   -4.42918e+04    4.70185e+03    0.00000e+00    0.00000e+00
      rest-rest   -3.03977e+04   -9.73043e-01    0.00000e+00    0.00000e+00

      T-Protein        T-Water          T-Ion
    2.82982e+02    3.10034e+02    3.10812e+02


	M E G A - F L O P S   A C C O U N T I N G

 NB=Group-cutoff nonbonded kernels    NxN=N-by-N cluster Verlet kernels
 RF=Reaction-Field  VdW=Van der Waals  QSTab=quadratic-spline table
 W3=SPC/TIP3p  W4=TIP4p (single or pairs)
 V&F=Potential and force  V=Potential only  F=Force only

 Computing:                               M-Number         M-Flops  % Flops
-----------------------------------------------------------------------------
 Pair Search distance check            1604.959908       14444.639     0.1
 NxN Ewald Elec. + LJ [F]            254680.590384    16808918.965    86.1
 NxN Ewald Elec. + LJ [V&F]            2623.924832      280759.957     1.4
 NxN LJ [F]                              19.562400         645.559     0.0
 NxN LJ [V&F]                             0.197600           8.497     0.0
 NxN Ewald Elec. [F]                  18452.271024     1125588.532     5.8
 NxN Ewald Elec. [V&F]                  190.127040       15970.671     0.1
 1,4 nonbonded interactions              46.984395        4228.596     0.0
 Calc Weights                           998.494659       35945.808     0.2
 Spread Q Bspline                     21301.219392       42602.439     0.2
 Gather F Bspline                     21301.219392      127807.316     0.7
 3D-FFT                              113685.292512      909482.340     4.7
 Solve PME                             1517.343408       97109.978     0.5
 Reset In Box                             3.394203          10.183     0.0
 CG-CoM                                   3.460756          10.382     0.0
 Bonds                                    9.411882         555.301     0.0
 Propers                                 44.933985       10289.883     0.1
 Impropers                                2.995599         623.085     0.0
 Virial                                   3.463053          62.335     0.0
 Stop-CM                                  3.460756          34.608     0.0
 Calc-Ekin                               26.754306         722.366     0.0
 Lincs                                    8.800277         528.017     0.0
 Lincs-Mat                               28.697208         114.789     0.0
 Constraint-V                           331.882700        2986.944     0.0
 Constraint-Vir                           3.294141          79.059     0.0
 Settle                                 104.782832       38769.648     0.2
 CMAP                                     1.210242        2057.411     0.0
 Urey-Bradley                            32.591517        5964.248     0.0
-----------------------------------------------------------------------------
 Total                                                19526321.556   100.0
-----------------------------------------------------------------------------


    D O M A I N   D E C O M P O S I T I O N   S T A T I S T I C S

 av. #atoms communicated per step for force:  2 x 183713.1


Dynamic load balancing report:
 DLB was turned on during the run due to measured imbalance.
 Average load imbalance: 3.5%.
 The balanceable part of the MD step is 90%, load imbalance is computed from this.
 Part of the total run time spent waiting due to load imbalance: 3.1%.
 Steps where the load balancing was limited by -rdd, -rcon and/or -dds: X 0 % Y 0 %
 Average PME mesh/force load: 0.649
 Part of the total run time spent waiting due to PP/PME imbalance: 8.1 %

NOTE: 8.1 % performance was lost because the PME ranks
      had less work to do than the PP ranks.
      You might want to decrease the number of PME ranks
      or decrease the cut-off and the grid spacing.


      R E A L   C Y C L E   A N D   T I M E   A C C O U N T I N G

On 30 MPI ranks doing PP, and
on 10 MPI ranks doing PME

 Activity:              Num   Num      Call    Wall time         Giga-Cycles
                        Ranks Threads  Count      (s)         total sum    %
--------------------------------------------------------------------------------
 Domain decomp.           30    1         51       0.190         14.214   0.5
 DD comm. load            30    1         50       0.001          0.047   0.0
 DD comm. bounds          30    1         49       0.006          0.459   0.0
 Send X to PME            30    1       5001       0.058          4.382   0.2
 Neighbor search          30    1         51       0.584         43.815   1.6
 Comm. coord.             30    1       4950       0.561         42.099   1.5
 Force                    30    1       5001      23.780       1783.383  63.9
 Wait + Comm. F           30    1       5001       1.225         91.848   3.3
 PME mesh *               10    1       5001      16.134        403.336  14.5
 PME wait for PP *                                11.743        293.564  10.5
 Wait + Recv. PME F       30    1       5001       0.080          6.003   0.2
 NB X/F buffer ops.       30    1      14901       0.598         44.817   1.6
 Write traj.              30    1         11       0.023          1.747   0.1
 Update                   30    1       5001       0.197         14.795   0.5
 Constraints              30    1       5003       0.180         13.500   0.5
 Comm. energies           30    1        201       0.348         26.085   0.9
 Rest                                              0.064          4.766   0.2
--------------------------------------------------------------------------------
 Total                                            27.895       2789.280 100.0
--------------------------------------------------------------------------------
(*) Note that with separate PME ranks, the walltime column actually sums to
    twice the total reported, but the cycle count total and % are correct.
--------------------------------------------------------------------------------
 Breakdown of PME mesh activities
--------------------------------------------------------------------------------
 PME redist. X/F          10    1      10002       1.654         41.351   1.5
 PME spread               10    1       5001       3.871         96.771   3.5
 PME gather               10    1       5001       2.916         72.887   2.6
 PME 3D-FFT               10    1      10002       5.964        149.082   5.3
 PME 3D-FFT Comm.         10    1      10002       0.981         24.522   0.9
 PME solve Elec           10    1       5001       0.733         18.316   0.7
--------------------------------------------------------------------------------

               Core t (s)   Wall t (s)        (%)
       Time:     1115.702       27.895     3999.7
                 (ns/day)    (hour/ns)
Performance:       15.490        1.549
Finished mdrun on rank 0 Tue Mar 17 03:12:16 2026

