                      :-) GROMACS - gmx mdrun, 2024.1 (-:

Copyright 1991-2024 The GROMACS Authors.
GROMACS is free software; you can redistribute it and/or modify it
under the terms of the GNU Lesser General Public License
as published by the Free Software Foundation; either version 2.1
of the License, or (at your option) any later version.

                         Current GROMACS contributors:
       Mark Abraham           Andrey Alekseenko           Vladimir Basov      
      Cathrine Bergh            Eliane Briand               Ania Brown        
      Mahesh Doijade            Giacomo Fiorin          Stefan Fleischmann    
      Sergey Gorelov         Gilles Gouaillardet            Alan Gray         
     M. Eric Irrgang         Farzaneh Jalalypour            Joe Jordan        
     Carsten Kutzner           Justin A. Lemkul          Magnus Lundborg      
       Pascal Merz              Vedran Miletic            Dmitry Morozov      
       Julien Nabet              Szilard Pall        Andrea Pasquadibisceglie 
    Michele Pellegrino          Hubert Santuz             Roland Schulz       
     Tatiana Shugaeva          Alexey Shvetsov            Philip Turner       
     Alessandra Villa      Sebastian Wingbermuehle  

                         Previous GROMACS contributors:
        Emile Apol             Rossen Apostolov           James Barnett       
        Paul Bauer          Herman J.C. Berendsen          Par Bjelkmar       
      Christian Blau          Viacheslav Bolnykh            Kevin Boyd        
    Aldert van Buuren          Carlo Camilloni           Rudi van Drunen      
      Anton Feenstra           Oliver Fleetwood            Vytas Gapsys       
       Gaurav Garg             Gerrit Groenhof            Bert de Groot       
      Anca Hamuraru           Vincent Hindriksen          Victor Holanda      
     Aleksei Iupinov          Christoph Junghans        Prashanth Kanduri     
   Dimitrios Karkoulis           Peter Kasson             Sebastian Kehl      
     Sebastian Keller             Jiri Kraus               Per Larsson        
      Viveca Lindahl            Erik Marklund           Pieter Meulenhoff     
      Teemu Murtola              Sander Pronk             Michael Shirts      
      Alfons Sijbers            Balint Soproni         David van der Spoel    
      Peter Tieleman            Carsten Uphoff             Jon Vincent        
     Teemu Virolainen         Christian Wennberg           Maarten Wolf       
      Artem Zhmurov       

                  Coordinated by the GROMACS project leaders:
                           Berk Hess and Erik Lindahl

GROMACS:      gmx mdrun, version 2024.1
Executable:   /usr/local/gromacs-2024/bin/gmx24
Data prefix:  /usr/local/gromacs-2024
Working dir:  /media/gepess2/ssd/anajul/ofatumumab-cd20/scFvs/nativo/termalizacao
Process ID:   2618146
Command line:
  gmx24 mdrun -nice 4 -s pr5.tpr -deffnm pr5 -v

GROMACS version:     2024.1
Precision:           mixed
Memory model:        64 bit
MPI library:         thread_mpi
OpenMP support:      enabled (GMX_OPENMP_MAX_THREADS = 128)
GPU support:         CUDA
NBNxM GPU setup:     super-cluster 2x2x2 / cluster 8
SIMD instructions:   AVX2_256
CPU FFT library:     fftw-3.3.8-sse2-avx-avx2-avx2_128
GPU FFT library:     cuFFT
Multi-GPU FFT:       none
RDTSCP usage:        enabled
TNG support:         enabled
Hwloc support:       disabled
Tracing support:     disabled
C compiler:          /usr/bin/cc GNU 9.4.0
C compiler flags:    -fexcess-precision=fast -funroll-all-loops -mavx2 -mfma -Wno-missing-field-initializers -O3 -DNDEBUG
C++ compiler:        /usr/bin/c++ GNU 9.4.0
C++ compiler flags:  -fexcess-precision=fast -funroll-all-loops -mavx2 -mfma -Wno-missing-field-initializers -Wno-cast-function-type-strict -fopenmp -O3 -DNDEBUG
BLAS library:        Internal
LAPACK library:      Internal
CUDA compiler:       /usr/local/cuda-11/bin/nvcc nvcc: NVIDIA (R) Cuda compiler driver;Copyright (c) 2005-2021 NVIDIA Corporation;Built on Mon_Sep_13_19:13:29_PDT_2021;Cuda compilation tools, release 11.5, V11.5.50;Build cuda_11.5.r11.5/compiler.30411180_0
CUDA compiler flags:-std=c++17;--generate-code=arch=compute_35,code=sm_35;--generate-code=arch=compute_37,code=sm_37;--generate-code=arch=compute_50,code=sm_50;--generate-code=arch=compute_52,code=sm_52;--generate-code=arch=compute_60,code=sm_60;--generate-code=arch=compute_61,code=sm_61;--generate-code=arch=compute_70,code=sm_70;--generate-code=arch=compute_75,code=sm_75;--generate-code=arch=compute_80,code=sm_80;--generate-code=arch=compute_86,code=sm_86;-Wno-deprecated-gpu-targets;--generate-code=arch=compute_53,code=sm_53;--generate-code=arch=compute_80,code=sm_80;-use_fast_math;-Xptxas;-warn-double-usage;-Xptxas;-Werror;-D_FORCE_INLINES;-Xcompiler;-fopenmp;-fexcess-precision=fast -funroll-all-loops -mavx2 -mfma -Wno-missing-field-initializers -Wno-cast-function-type-strict -fopenmp -O3 -DNDEBUG
CUDA driver:         12.20
CUDA runtime:        11.50


Running on 1 node with total 20 cores, 40 processing units, 8 compatible GPUs
Hardware detected on host gepess2:
  CPU info:
    Vendor: Intel
    Brand:  Intel(R) Xeon(R) Gold 5215 CPU @ 2.50GHz
    Family: 6   Model: 85   Stepping: 7
    Features: aes apic avx avx2 avx512f avx512cd avx512bw avx512vl clfsh cmov cx8 cx16 f16c fma htt intel lahf mmx msr nonstop_tsc pcid pclmuldq pdcm pdpe1gb popcnt pse rdrnd rdtscp sse2 sse3 sse4.1 sse4.2 ssse3 tdt x2apic
    Number of AVX-512 FMA units: 1 (For Intel, AVX2 is faster w/o 2 AVX-512 FMA units)
  Hardware topology: Basic
    Packages, cores, and logical processors:
    [indices refer to OS logical processors]
      Package  0: [   0  20] [   1  21] [   2  22] [   3  23] [   4  24] [   5  25] [   6  26] [   7  27] [   8  28] [   9  29]
      Package  1: [  10  30] [  11  31] [  12  32] [  13  33] [  14  34] [  15  35] [  16  36] [  17  37] [  18  38] [  19  39]
    CPU limit set by OS: -1   Recommended max number of threads: 40
  GPU info:
    Number of GPUs detected: 8
    #0: NVIDIA NVIDIA RTX A6000, compute cap.: 8.6, ECC:  no, stat: compatible
    #1: NVIDIA NVIDIA RTX A6000, compute cap.: 8.6, ECC:  no, stat: compatible
    #2: NVIDIA NVIDIA RTX A6000, compute cap.: 8.6, ECC:  no, stat: compatible
    #3: NVIDIA NVIDIA RTX A6000, compute cap.: 8.6, ECC:  no, stat: compatible
    #4: NVIDIA NVIDIA RTX A6000, compute cap.: 8.6, ECC:  no, stat: compatible
    #5: NVIDIA NVIDIA RTX A6000, compute cap.: 8.6, ECC:  no, stat: compatible
    #6: NVIDIA NVIDIA RTX A6000, compute cap.: 8.6, ECC:  no, stat: compatible
    #7: NVIDIA NVIDIA RTX A6000, compute cap.: 8.6, ECC:  no, stat: compatible


++++ PLEASE READ AND CITE THE FOLLOWING REFERENCE ++++
M. J. Abraham, T. Murtola, R. Schulz, S. Páll, J. C. Smith, B. Hess, E.
Lindahl
GROMACS: High performance molecular simulations through multi-level
parallelism from laptops to supercomputers
SoftwareX 1 (2015) pp. 19-25
-------- -------- --- Thank You --- -------- --------


++++ PLEASE READ AND CITE THE FOLLOWING REFERENCE ++++
S. Páll, M. J. Abraham, C. Kutzner, B. Hess, E. Lindahl
Tackling Exascale Software Challenges in Molecular Dynamics Simulations with
GROMACS
In S. Markidis & E. Laure (Eds.), Solving Software Challenges for Exascale 8759 (2015) pp. 3-27
-------- -------- --- Thank You --- -------- --------


++++ PLEASE READ AND CITE THE FOLLOWING REFERENCE ++++
S. Pronk, S. Páll, R. Schulz, P. Larsson, P. Bjelkmar, R. Apostolov, M. R.
Shirts, J. C. Smith, P. M. Kasson, D. van der Spoel, B. Hess, and E. Lindahl
GROMACS 4.5: a high-throughput and highly parallel open source molecular
simulation toolkit
Bioinformatics 29 (2013) pp. 845-54
-------- -------- --- Thank You --- -------- --------


++++ PLEASE READ AND CITE THE FOLLOWING REFERENCE ++++
B. Hess and C. Kutzner and D. van der Spoel and E. Lindahl
GROMACS 4: Algorithms for highly efficient, load-balanced, and scalable
molecular simulation
J. Chem. Theory Comput. 4 (2008) pp. 435-447
-------- -------- --- Thank You --- -------- --------


++++ PLEASE READ AND CITE THE FOLLOWING REFERENCE ++++
D. van der Spoel, E. Lindahl, B. Hess, G. Groenhof, A. E. Mark and H. J. C.
Berendsen
GROMACS: Fast, Flexible and Free
J. Comp. Chem. 26 (2005) pp. 1701-1719
-------- -------- --- Thank You --- -------- --------


++++ PLEASE READ AND CITE THE FOLLOWING REFERENCE ++++
E. Lindahl and B. Hess and D. van der Spoel
GROMACS 3.0: A package for molecular simulation and trajectory analysis
J. Mol. Mod. 7 (2001) pp. 306-317
-------- -------- --- Thank You --- -------- --------


++++ PLEASE READ AND CITE THE FOLLOWING REFERENCE ++++
H. J. C. Berendsen, D. van der Spoel and R. van Drunen
GROMACS: A message-passing parallel molecular dynamics implementation
Comp. Phys. Comm. 91 (1995) pp. 43-56
-------- -------- --- Thank You --- -------- --------


++++ PLEASE CITE THE DOI FOR THIS VERSION OF GROMACS ++++
https://doi.org/10.5281/zenodo.10721181
-------- -------- --- Thank You --- -------- --------

Multiple energy groups is not implemented for GPUs, falling back to the CPU. For better performance, run on the GPU without energy groups and then do gmx mdrun -rerun option on the trajectory with an energy group .tpr file.
Input Parameters:
   integrator                     = md
   tinit                          = 0
   dt                             = 0.002
   nsteps                         = 10000
   init-step                      = 0
   simulation-part                = 1
   mts                            = false
   mass-repartition-factor        = 1
   comm-mode                      = Linear
   nstcomm                        = 100
   bd-fric                        = 0
   ld-seed                        = 1339162607
   emtol                          = 10
   emstep                         = 0.01
   niter                          = 20
   fcstep                         = 0
   nstcgsteep                     = 1000
   nbfgscorr                      = 10
   rtpi                           = 0.05
   nstxout                        = 1000
   nstvout                        = 2000
   nstfout                        = 0
   nstlog                         = 500
   nstcalcenergy                  = 100
   nstenergy                      = 500
   nstxout-compressed             = 500
   compressed-x-precision         = 1000
   cutoff-scheme                  = Verlet
   nstlist                        = 10
   pbc                            = xyz
   periodic-molecules             = false
   verlet-buffer-tolerance        = 0.005
   verlet-buffer-pressure-tolerance = 0.5
   rlist                          = 1
   coulombtype                    = PME
   coulomb-modifier               = Potential-shift
   rcoulomb-switch                = 0
   rcoulomb                       = 1
   epsilon-r                      = 1
   epsilon-rf                     = inf
   vdw-type                       = Cut-off
   vdw-modifier                   = Potential-shift
   rvdw-switch                    = 0
   rvdw                           = 1
   DispCorr                       = EnerPres
   table-extension                = 1
   fourierspacing                 = 0.12
   fourier-nx                     = 84
   fourier-ny                     = 84
   fourier-nz                     = 84
   pme-order                      = 4
   ewald-rtol                     = 1e-05
   ewald-rtol-lj                  = 0.001
   lj-pme-comb-rule               = Geometric
   ewald-geometry                 = 3d
   epsilon-surface                = 0
   ensemble-temperature-setting   = constant
   ensemble-temperature           = 310
   tcoupl                         = V-rescale
   nsttcouple                     = 20
   nh-chain-length                = 0
   print-nose-hoover-chain-variables = false
   pcoupl                         = Berendsen
   pcoupltype                     = Isotropic
   nstpcouple                     = 20
   tau-p                          = 0.2
   compressibility (3x3):
      compressibility[    0]={ 4.50000e-05,  0.00000e+00,  0.00000e+00}
      compressibility[    1]={ 0.00000e+00,  4.50000e-05,  0.00000e+00}
      compressibility[    2]={ 0.00000e+00,  0.00000e+00,  4.50000e-05}
   ref-p (3x3):
      ref-p[    0]={ 1.00000e+00,  0.00000e+00,  0.00000e+00}
      ref-p[    1]={ 0.00000e+00,  1.00000e+00,  0.00000e+00}
      ref-p[    2]={ 0.00000e+00,  0.00000e+00,  1.00000e+00}
   refcoord-scaling               = COM
   posres-com (3):
      posres-com[0]= 0.00000e+00
      posres-com[1]= 0.00000e+00
      posres-com[2]= 0.00000e+00
   posres-comB (3):
      posres-comB[0]= 0.00000e+00
      posres-comB[1]= 0.00000e+00
      posres-comB[2]= 0.00000e+00
   QMMM                           = false
qm-opts:
   ngQM                           = 0
   constraint-algorithm           = Lincs
   continuation                   = false
   Shake-SOR                      = false
   shake-tol                      = 0.0001
   lincs-order                    = 2
   lincs-iter                     = 1
   lincs-warnangle                = 30
   nwall                          = 0
   wall-type                      = 9-3
   wall-r-linpot                  = -1
   wall-atomtype[0]               = -1
   wall-atomtype[1]               = -1
   wall-density[0]                = 0
   wall-density[1]                = 0
   wall-ewald-zfac                = 3
   pull                           = false
   awh                            = false
   rotation                       = false
   interactiveMD                  = false
   disre                          = No
   disre-weighting                = Conservative
   disre-mixed                    = false
   dr-fc                          = 1000
   dr-tau                         = 0
   nstdisreout                    = 100
   orire-fc                       = 0
   orire-tau                      = 0
   nstorireout                    = 100
   free-energy                    = no
   cos-acceleration               = 0
   deform (3x3):
      deform[    0]={ 0.00000e+00,  0.00000e+00,  0.00000e+00}
      deform[    1]={ 0.00000e+00,  0.00000e+00,  0.00000e+00}
      deform[    2]={ 0.00000e+00,  0.00000e+00,  0.00000e+00}
   simulated-tempering            = false
   swapcoords                     = no
   userint1                       = 0
   userint2                       = 0
   userint3                       = 0
   userint4                       = 0
   userreal1                      = 0
   userreal2                      = 0
   userreal3                      = 0
   userreal4                      = 0
   applied-forces:
     electric-field:
       x:
         E0                       = 0
         omega                    = 0
         t0                       = 0
         sigma                    = 0
       y:
         E0                       = 0
         omega                    = 0
         t0                       = 0
         sigma                    = 0
       z:
         E0                       = 0
         omega                    = 0
         t0                       = 0
         sigma                    = 0
     density-guided-simulation:
       active                     = false
       group                      = protein
       similarity-measure         = inner-product
       atom-spreading-weight      = unity
       force-constant             = 1e+09
       gaussian-transform-spreading-width = 0.2
       gaussian-transform-spreading-range-in-multiples-of-width = 4
       reference-density-filename = reference.mrc
       nst                        = 1
       normalize-densities        = true
       adaptive-force-scaling     = false
       adaptive-force-scaling-time-constant = 4
       shift-vector               = 
       transformation-matrix      = 
     qmmm-cp2k:
       active                     = false
       qmgroup                    = System
       qmmethod                   = PBE
       qmfilenames                = 
       qmcharge                   = 0
       qmmultiplicity             = 1
     colvars:
       active                     = false
       configfile                 = 
       seed                       = -1
grpopts:
   nrdf:      9031.8      125661     371.992
   ref-t:         310         310         310
   tau-t:         0.2         0.2         0.2
annealing:          No          No          No
annealing-npoints:           0           0           0
   acc:	           0           0           0
   nfreeze:           N           N           N
   energygrp-flags[  0]: 0 0 0
   energygrp-flags[  1]: 0 0 0
   energygrp-flags[  2]: 0 0 0

Changing nstlist from 10 to 50, rlist from 1 to 1.112


Initializing Domain Decomposition on 40 ranks
Dynamic load balancing: auto
Using update groups, nr 22906, average size 2.9 atoms, max. radius 0.139 nm
Minimum cell size due to atom displacement: 0.409 nm
Initial maximum distances in bonded interactions:
    two-body bonded interactions: 0.450 nm, LJ-14, atoms 2300 3271
  multi-body bonded interactions: 0.489 nm, CMAP Dih., atoms 1799 1815
Minimum cell size due to bonded interactions: 0.538 nm
Scaling the initial minimum size with 1/0.8 (option -dds) = 1.25
Guess for relative PME load: 0.22
Will use 30 particle-particle and 10 PME only ranks
This is a guess, check the performance at the end of the log file
Using 10 separate PME ranks, as guessed by mdrun
Optimizing the DD grid for 30 cells with a minimum initial size of 0.673 nm
The maximum allowed number of cells is: X 11 Y 11 Z 10
Domain decomposition grid 10 x 3 x 1, separate PME ranks 10
PME domain decomposition: 10 x 1 x 1
Interleaving PP and PME ranks
This rank does only particle-particle work.
Domain decomposition rank 0, coordinates 0 0 0

The initial number of communication pulses is: X 2 Y 1
The initial domain decomposition cell size is: X 0.80 nm Y 2.66 nm

The maximum allowed distance for atom groups involved in interactions is:
                 non-bonded interactions           1.390 nm
(the following are initial values, they could change due to box deformation)
            two-body bonded interactions  (-rdd)   1.390 nm
          multi-body bonded interactions  (-rdd)   0.797 nm

When dynamic load balancing gets turned on, these settings will change to:
The maximum number of communication pulses is: X 3 Y 2
The minimum size for domain decomposition cells is 0.637 nm
The requested allowed shrink of DD cells (option -dds) is: 0.80
The allowed shrink of domain decomposition cells is: X 0.80 Y 0.26
The maximum allowed distance for atom groups involved in interactions is:
                 non-bonded interactions           1.390 nm
            two-body bonded interactions  (-rdd)   1.390 nm
          multi-body bonded interactions  (-rdd)   0.637 nm

Using 40 MPI threads
Using 1 OpenMP thread per tMPI thread

System total charge: 0.000
Will do PME sum in reciprocal space for electrostatic interactions.

++++ PLEASE READ AND CITE THE FOLLOWING REFERENCE ++++
U. Essmann, L. Perera, M. L. Berkowitz, T. Darden, H. Lee and L. G. Pedersen 
A smooth particle mesh Ewald method
J. Chem. Phys. 103 (1995) pp. 8577-8592
-------- -------- --- Thank You --- -------- --------

Using a Gaussian width (1/beta) of 0.320163 nm for Ewald
Potential shift: LJ r^-12: -1.000e+00 r^-6: -1.000e+00, Ewald -1.000e-05
Initialized non-bonded Coulomb Ewald tables, spacing: 9.33e-04 size: 1073

Generated table with 1056 data points for 1-4 COUL.
Tabscale = 500 points/nm
Generated table with 1056 data points for 1-4 LJ6.
Tabscale = 500 points/nm
Generated table with 1056 data points for 1-4 LJ12.
Tabscale = 500 points/nm
Long Range LJ corr.: <C6> 3.2265e-04


Using SIMD4xM 4x8 nonbonded short-range kernels

Using a dual 4x8 pair-list setup updated with dynamic pruning:
  outer list: updated every 50 steps, buffer 0.112 nm, rlist 1.112 nm
  inner list: updated every 10 steps, buffer 0.001 nm, rlist 1.001 nm
At tolerance 0.005 kJ/mol/ps per atom, equivalent classical 1x1 list would be:
  outer list: updated every 50 steps, buffer 0.238 nm, rlist 1.238 nm
  inner list: updated every 10 steps, buffer 0.036 nm, rlist 1.036 nm

The average pressure is off by at most 0.47 bar due to missing LJ interactions

Using full Lennard-Jones parameter combination matrix
Removing pbc first time

Linking all bonded interactions to atoms


Pinning threads with an auto-selected logical cpu stride of 1

Initializing LINear Constraint Solver

++++ PLEASE READ AND CITE THE FOLLOWING REFERENCE ++++
B. Hess and H. Bekker and H. J. C. Berendsen and J. G. E. M. Fraaije
LINCS: A Linear Constraint Solver for molecular simulations
J. Comp. Chem. 18 (1997) pp. 1463-1472
-------- -------- --- Thank You --- -------- --------

The number of constraints is 1759

++++ PLEASE READ AND CITE THE FOLLOWING REFERENCE ++++
S. Miyamoto and P. A. Kollman
SETTLE: An Analytical Version of the SHAKE and RATTLE Algorithms for Rigid
Water Models
J. Comp. Chem. 13 (1992) pp. 952-962
-------- -------- --- Thank You --- -------- --------

Intra-simulation communication will occur every 20 steps.

++++ PLEASE READ AND CITE THE FOLLOWING REFERENCE ++++
G. Bussi, D. Donadio and M. Parrinello
Canonical sampling through velocity rescaling
J. Chem. Phys. 126 (2007) pp. 014101
-------- -------- --- Thank You --- -------- --------

There are: 66553 Atoms
Atom distribution over 30 domains: av 2218 stddev 56 min 2116 max 2285

Constraining the starting coordinates (step 0)

Constraining the coordinates at t0-dt (step 0)
Center of mass motion removal mode is Linear
We have the following groups for center of mass motion removal:
  0:  rest
RMS relative constraint deviation after constraining: 3.69e-06
Initial temperature: 311.1 K

Started mdrun on rank 0 Tue Mar 17 03:16:46 2026

           Step           Time
              0        0.00000

   Energies (kJ/mol)
           Bond            U-B    Proper Dih.  Improper Dih.      CMAP Dih.
    3.25198e+03    8.61063e+03    9.74996e+03    5.71910e+02   -8.99151e+02
          LJ-14     Coulomb-14        LJ (SR)  Disper. corr.   Coulomb (SR)
    2.83689e+03    4.20312e+04    8.97237e+04   -9.10665e+03   -1.06932e+06
   Coul. recip.      Potential    Kinetic En.   Total Energy  Conserved En.
    6.22486e+03   -9.16327e+05    1.75968e+05   -7.40359e+05   -7.40387e+05
    Temperature Pres. DC (bar) Pressure (bar)   Constr. rmsd
    3.13392e+02   -2.30588e+02    2.76269e+01    4.09053e-06


DD  step 49 load imb.: force  9.9%  pme mesh/force 0.630

step 100 Turning on dynamic load balancing, because the performance loss due to load imbalance is 7.5 %.

DD  step 499  vol min/aver 0.870  load imb.: force  3.7%  pme mesh/force 0.655
           Step           Time
            500        1.00000

   Energies (kJ/mol)
           Bond            U-B    Proper Dih.  Improper Dih.      CMAP Dih.
    3.28664e+03    8.56590e+03    9.59723e+03    4.96980e+02   -8.97285e+02
          LJ-14     Coulomb-14        LJ (SR)  Disper. corr.   Coulomb (SR)
    2.80278e+03    4.24328e+04    8.93730e+04   -9.09891e+03   -1.07134e+06
   Coul. recip.      Potential    Kinetic En.   Total Energy  Conserved En.
    6.24766e+03   -9.18529e+05    1.75052e+05   -7.43477e+05   -7.40108e+05
    Temperature Pres. DC (bar) Pressure (bar)   Constr. rmsd
    3.11760e+02   -2.30197e+02   -1.54954e+02    3.51246e-06


DD  step 999  vol min/aver 0.852  load imb.: force  3.8%  pme mesh/force 0.651
           Step           Time
           1000        2.00000

   Energies (kJ/mol)
           Bond            U-B    Proper Dih.  Improper Dih.      CMAP Dih.
    3.27159e+03    8.31013e+03    9.64868e+03    5.20294e+02   -8.45110e+02
          LJ-14     Coulomb-14        LJ (SR)  Disper. corr.   Coulomb (SR)
    2.84608e+03    4.24575e+04    9.04012e+04   -9.13022e+03   -1.07293e+06
   Coul. recip.      Potential    Kinetic En.   Total Energy  Conserved En.
    6.07640e+03   -9.19377e+05    1.74122e+05   -7.45256e+05   -7.40297e+05
    Temperature Pres. DC (bar) Pressure (bar)   Constr. rmsd
    3.10103e+02   -2.31782e+02    8.36100e+01    3.47548e-06


DD  step 1499  vol min/aver 0.856  load imb.: force  1.9%  pme mesh/force 0.641
           Step           Time
           1500        3.00000

   Energies (kJ/mol)
           Bond            U-B    Proper Dih.  Improper Dih.      CMAP Dih.
    3.24784e+03    8.65138e+03    9.49231e+03    5.51454e+02   -8.41523e+02
          LJ-14     Coulomb-14        LJ (SR)  Disper. corr.   Coulomb (SR)
    2.65998e+03    4.20956e+04    9.02301e+04   -9.10482e+03   -1.07207e+06
   Coul. recip.      Potential    Kinetic En.   Total Energy  Conserved En.
    6.15013e+03   -9.18934e+05    1.73290e+05   -7.45644e+05   -7.40042e+05
    Temperature Pres. DC (bar) Pressure (bar)   Constr. rmsd
    3.08622e+02   -2.30496e+02   -1.05180e+02    3.58513e-06


DD  step 1999  vol min/aver 0.855  load imb.: force  3.0%  pme mesh/force 0.631
           Step           Time
           2000        4.00000

   Energies (kJ/mol)
           Bond            U-B    Proper Dih.  Improper Dih.      CMAP Dih.
    3.04965e+03    8.68970e+03    9.68372e+03    5.55130e+02   -8.84288e+02
          LJ-14     Coulomb-14        LJ (SR)  Disper. corr.   Coulomb (SR)
    2.85627e+03    4.23959e+04    8.94594e+04   -9.08416e+03   -1.06863e+06
   Coul. recip.      Potential    Kinetic En.   Total Energy  Conserved En.
    6.21411e+03   -9.15692e+05    1.74827e+05   -7.40866e+05   -7.40052e+05
    Temperature Pres. DC (bar) Pressure (bar)   Constr. rmsd
    3.11359e+02   -2.29452e+02   -4.59380e+01    3.73677e-06


DD  step 2499  vol min/aver 0.857  load imb.: force  3.2%  pme mesh/force 0.647
           Step           Time
           2500        5.00000

   Energies (kJ/mol)
           Bond            U-B    Proper Dih.  Improper Dih.      CMAP Dih.
    3.06190e+03    8.61967e+03    9.72570e+03    4.98851e+02   -9.06123e+02
          LJ-14     Coulomb-14        LJ (SR)  Disper. corr.   Coulomb (SR)
    2.88573e+03    4.20323e+04    9.08662e+04   -9.12789e+03   -1.07233e+06
   Coul. recip.      Potential    Kinetic En.   Total Energy  Conserved En.
    6.09849e+03   -9.18571e+05    1.74508e+05   -7.44063e+05   -7.40094e+05
    Temperature Pres. DC (bar) Pressure (bar)   Constr. rmsd
    3.10791e+02   -2.31664e+02    5.96168e+01    3.52019e-06


DD  step 2999  vol min/aver 0.849  load imb.: force  3.4%  pme mesh/force 0.625
           Step           Time
           3000        6.00000

   Energies (kJ/mol)
           Bond            U-B    Proper Dih.  Improper Dih.      CMAP Dih.
    3.30808e+03    8.38868e+03    9.61941e+03    5.92653e+02   -8.73616e+02
          LJ-14     Coulomb-14        LJ (SR)  Disper. corr.   Coulomb (SR)
    2.79824e+03    4.21358e+04    9.16494e+04   -9.10066e+03   -1.07228e+06
   Coul. recip.      Potential    Kinetic En.   Total Energy  Conserved En.
    6.09026e+03   -9.17668e+05    1.73912e+05   -7.43756e+05   -7.40014e+05
    Temperature Pres. DC (bar) Pressure (bar)   Constr. rmsd
    3.09730e+02   -2.30285e+02   -3.46076e-01    3.71086e-06


DD  step 3499  vol min/aver 0.824  load imb.: force  3.4%  pme mesh/force 0.646
           Step           Time
           3500        7.00000

   Energies (kJ/mol)
           Bond            U-B    Proper Dih.  Improper Dih.      CMAP Dih.
    3.23625e+03    8.45618e+03    9.66149e+03    5.30565e+02   -8.97688e+02
          LJ-14     Coulomb-14        LJ (SR)  Disper. corr.   Coulomb (SR)
    2.78886e+03    4.24429e+04    8.96730e+04   -9.10526e+03   -1.06938e+06
   Coul. recip.      Potential    Kinetic En.   Total Energy  Conserved En.
    6.19770e+03   -9.16400e+05    1.74795e+05   -7.41604e+05   -7.39877e+05
    Temperature Pres. DC (bar) Pressure (bar)   Constr. rmsd
    3.11302e+02   -2.30518e+02   -4.88123e+01    3.61956e-06


DD  step 3999  vol min/aver 0.835  load imb.: force  2.8%  pme mesh/force 0.645
           Step           Time
           4000        8.00000

   Energies (kJ/mol)
           Bond            U-B    Proper Dih.  Improper Dih.      CMAP Dih.
    3.25734e+03    8.83434e+03    9.65202e+03    5.54827e+02   -8.89118e+02
          LJ-14     Coulomb-14        LJ (SR)  Disper. corr.   Coulomb (SR)
    2.85965e+03    4.24510e+04    9.08744e+04   -9.11008e+03   -1.07134e+06
   Coul. recip.      Potential    Kinetic En.   Total Energy  Conserved En.
    6.11115e+03   -9.16743e+05    1.73342e+05   -7.43401e+05   -7.39865e+05
    Temperature Pres. DC (bar) Pressure (bar)   Constr. rmsd
    3.08714e+02   -2.30762e+02    3.54056e+01    3.60252e-06


DD  step 4499  vol min/aver 0.853  load imb.: force  3.9%  pme mesh/force 0.640
           Step           Time
           4500        9.00000

   Energies (kJ/mol)
           Bond            U-B    Proper Dih.  Improper Dih.      CMAP Dih.
    3.14962e+03    8.77097e+03    9.53231e+03    4.88018e+02   -8.83971e+02
          LJ-14     Coulomb-14        LJ (SR)  Disper. corr.   Coulomb (SR)
    2.76487e+03    4.23489e+04    9.04400e+04   -9.12132e+03   -1.07080e+06
   Coul. recip.      Potential    Kinetic En.   Total Energy  Conserved En.
    6.20686e+03   -9.17108e+05    1.74954e+05   -7.42154e+05   -7.39870e+05
    Temperature Pres. DC (bar) Pressure (bar)   Constr. rmsd
    3.11585e+02   -2.31331e+02    5.61956e+01    3.69487e-06


DD  step 4999  vol min/aver 0.848  load imb.: force  2.9%  pme mesh/force 0.637
           Step           Time
           5000       10.00000

   Energies (kJ/mol)
           Bond            U-B    Proper Dih.  Improper Dih.      CMAP Dih.
    3.23578e+03    8.60518e+03    9.57140e+03    5.08396e+02   -8.48688e+02
          LJ-14     Coulomb-14        LJ (SR)  Disper. corr.   Coulomb (SR)
    2.84443e+03    4.26004e+04    9.04107e+04   -9.09470e+03   -1.07191e+06
   Coul. recip.      Potential    Kinetic En.   Total Energy  Conserved En.
    6.16490e+03   -9.17911e+05    1.74495e+05   -7.43416e+05   -7.39684e+05
    Temperature Pres. DC (bar) Pressure (bar)   Constr. rmsd
    3.10767e+02   -2.29984e+02   -7.06791e+01    3.68647e-06


DD  step 5499  vol min/aver 0.853  load imb.: force  3.6%  pme mesh/force 0.647
           Step           Time
           5500       11.00000

   Energies (kJ/mol)
           Bond            U-B    Proper Dih.  Improper Dih.      CMAP Dih.
    3.15047e+03    8.60800e+03    9.52229e+03    5.35437e+02   -8.79413e+02
          LJ-14     Coulomb-14        LJ (SR)  Disper. corr.   Coulomb (SR)
    2.88535e+03    4.23900e+04    8.92929e+04   -9.10397e+03   -1.06859e+06
   Coul. recip.      Potential    Kinetic En.   Total Energy  Conserved En.
    6.22758e+03   -9.15958e+05    1.73196e+05   -7.42762e+05   -7.39706e+05
    Temperature Pres. DC (bar) Pressure (bar)   Constr. rmsd
    3.08454e+02   -2.30453e+02    4.49390e+00    3.66068e-06


DD  step 5999  vol min/aver 0.844  load imb.: force  3.2%  pme mesh/force 0.647
           Step           Time
           6000       12.00000

   Energies (kJ/mol)
           Bond            U-B    Proper Dih.  Improper Dih.      CMAP Dih.
    3.21658e+03    8.86974e+03    9.64334e+03    4.84266e+02   -8.99321e+02
          LJ-14     Coulomb-14        LJ (SR)  Disper. corr.   Coulomb (SR)
    2.82836e+03    4.23188e+04    9.13905e+04   -9.09312e+03   -1.07076e+06
   Coul. recip.      Potential    Kinetic En.   Total Energy  Conserved En.
    6.28121e+03   -9.15721e+05    1.74475e+05   -7.41246e+05   -7.39668e+05
    Temperature Pres. DC (bar) Pressure (bar)   Constr. rmsd
    3.10732e+02   -2.29905e+02    5.39959e+01    3.53034e-06


DD  step 6499  vol min/aver 0.859  load imb.: force  2.5%  pme mesh/force 0.652
           Step           Time
           6500       13.00000

   Energies (kJ/mol)
           Bond            U-B    Proper Dih.  Improper Dih.      CMAP Dih.
    3.29253e+03    8.51494e+03    9.59846e+03    4.92776e+02   -8.67747e+02
          LJ-14     Coulomb-14        LJ (SR)  Disper. corr.   Coulomb (SR)
    2.78616e+03    4.24654e+04    9.08405e+04   -9.12020e+03   -1.07215e+06
   Coul. recip.      Potential    Kinetic En.   Total Energy  Conserved En.
    6.31042e+03   -9.17837e+05    1.74215e+05   -7.43622e+05   -7.39678e+05
    Temperature Pres. DC (bar) Pressure (bar)   Constr. rmsd
    3.10269e+02   -2.31274e+02    7.16102e+01    3.72967e-06


DD  step 6999  vol min/aver 0.852  load imb.: force  2.6%  pme mesh/force 0.635
           Step           Time
           7000       14.00000

   Energies (kJ/mol)
           Bond            U-B    Proper Dih.  Improper Dih.      CMAP Dih.
    3.08151e+03    8.44312e+03    9.52157e+03    5.16382e+02   -9.61706e+02
          LJ-14     Coulomb-14        LJ (SR)  Disper. corr.   Coulomb (SR)
    2.75345e+03    4.28567e+04    9.05026e+04   -9.11867e+03   -1.07155e+06
   Coul. recip.      Potential    Kinetic En.   Total Energy  Conserved En.
    6.18888e+03   -9.17770e+05    1.72446e+05   -7.45324e+05   -7.39531e+05
    Temperature Pres. DC (bar) Pressure (bar)   Constr. rmsd
    3.07119e+02   -2.31197e+02   -1.02150e+01    3.52199e-06


DD  step 7499  vol min/aver 0.805  load imb.: force  3.6%  pme mesh/force 0.636
           Step           Time
           7500       15.00000

   Energies (kJ/mol)
           Bond            U-B    Proper Dih.  Improper Dih.      CMAP Dih.
    3.19675e+03    8.44828e+03    9.65234e+03    5.14725e+02   -9.02839e+02
          LJ-14     Coulomb-14        LJ (SR)  Disper. corr.   Coulomb (SR)
    2.81775e+03    4.24518e+04    9.16703e+04   -9.11476e+03   -1.07240e+06
   Coul. recip.      Potential    Kinetic En.   Total Energy  Conserved En.
    6.05228e+03   -9.17613e+05    1.73767e+05   -7.43847e+05   -7.39568e+05
    Temperature Pres. DC (bar) Pressure (bar)   Constr. rmsd
    3.09471e+02   -2.30999e+02    6.92372e+01    3.38351e-06


DD  step 7999  vol min/aver 0.861  load imb.: force  3.3%  pme mesh/force 0.644
           Step           Time
           8000       16.00000

   Energies (kJ/mol)
           Bond            U-B    Proper Dih.  Improper Dih.      CMAP Dih.
    3.17570e+03    8.74674e+03    9.49155e+03    5.20533e+02   -9.50681e+02
          LJ-14     Coulomb-14        LJ (SR)  Disper. corr.   Coulomb (SR)
    2.83814e+03    4.20746e+04    9.07955e+04   -9.12352e+03   -1.07236e+06
   Coul. recip.      Potential    Kinetic En.   Total Energy  Conserved En.
    6.23775e+03   -9.18556e+05    1.73846e+05   -7.44710e+05   -7.39424e+05
    Temperature Pres. DC (bar) Pressure (bar)   Constr. rmsd
    3.09613e+02   -2.31442e+02    2.07916e+00    3.46198e-06


DD  step 8499  vol min/aver 0.867  load imb.: force  4.2%  pme mesh/force 0.630
           Step           Time
           8500       17.00000

   Energies (kJ/mol)
           Bond            U-B    Proper Dih.  Improper Dih.      CMAP Dih.
    3.12237e+03    8.49476e+03    9.53358e+03    5.33386e+02   -1.01244e+03
          LJ-14     Coulomb-14        LJ (SR)  Disper. corr.   Coulomb (SR)
    2.88592e+03    4.23299e+04    8.95046e+04   -9.10384e+03   -1.06930e+06
   Coul. recip.      Potential    Kinetic En.   Total Energy  Conserved En.
    6.21190e+03   -9.16804e+05    1.73338e+05   -7.43466e+05   -7.39374e+05
    Temperature Pres. DC (bar) Pressure (bar)   Constr. rmsd
    3.08707e+02   -2.30446e+02   -3.45307e+01    3.72699e-06


DD  step 8999  vol min/aver 0.860  load imb.: force  3.5%  pme mesh/force 0.635
           Step           Time
           9000       18.00000

   Energies (kJ/mol)
           Bond            U-B    Proper Dih.  Improper Dih.      CMAP Dih.
    3.30266e+03    8.55666e+03    9.49420e+03    5.54202e+02   -8.99681e+02
          LJ-14     Coulomb-14        LJ (SR)  Disper. corr.   Coulomb (SR)
    2.82484e+03    4.21204e+04    9.08691e+04   -9.10462e+03   -1.07156e+06
   Coul. recip.      Potential    Kinetic En.   Total Energy  Conserved En.
    6.16433e+03   -9.17673e+05    1.74146e+05   -7.43527e+05   -7.39350e+05
    Temperature Pres. DC (bar) Pressure (bar)   Constr. rmsd
    3.10147e+02   -2.30486e+02   -4.96549e+01    3.56010e-06


DD  step 9499  vol min/aver 0.815  load imb.: force  2.3%  pme mesh/force 0.657
           Step           Time
           9500       19.00000

   Energies (kJ/mol)
           Bond            U-B    Proper Dih.  Improper Dih.      CMAP Dih.
    3.28911e+03    8.45329e+03    9.64944e+03    5.73372e+02   -9.40258e+02
          LJ-14     Coulomb-14        LJ (SR)  Disper. corr.   Coulomb (SR)
    2.76532e+03    4.22794e+04    9.10686e+04   -9.10189e+03   -1.07280e+06
   Coul. recip.      Potential    Kinetic En.   Total Energy  Conserved En.
    6.22072e+03   -9.18544e+05    1.73637e+05   -7.44908e+05   -7.39290e+05
    Temperature Pres. DC (bar) Pressure (bar)   Constr. rmsd
    3.09239e+02   -2.30348e+02   -1.41407e+01    3.60755e-06


DD  step 9999  vol min/aver 0.850  load imb.: force  3.1%  pme mesh/force 0.643
           Step           Time
          10000       20.00000

Writing checkpoint, step 10000 at Tue Mar 17 03:17:46 2026


   Energies (kJ/mol)
           Bond            U-B    Proper Dih.  Improper Dih.      CMAP Dih.
    3.43162e+03    8.99774e+03    9.58144e+03    5.43717e+02   -9.59206e+02
          LJ-14     Coulomb-14        LJ (SR)  Disper. corr.   Coulomb (SR)
    2.83419e+03    4.20493e+04    9.24889e+04   -9.10622e+03   -1.07274e+06
   Coul. recip.      Potential    Kinetic En.   Total Energy  Conserved En.
    6.26545e+03   -9.16610e+05    1.74843e+05   -7.41767e+05   -7.39294e+05
    Temperature Pres. DC (bar) Pressure (bar)   Constr. rmsd
    3.11387e+02   -2.30566e+02    9.41572e+01    3.64019e-06


Energy conservation over simulation part #1 of length 20 ps, time 0 to 20 ps
  Conserved energy drift: 8.21e-04 kJ/mol/ps per atom


	<======  ###############  ==>
	<====  A V E R A G E S  ====>
	<==  ###############  ======>

	Statistics over 10001 steps using 101 frames

   Energies (kJ/mol)
           Bond            U-B    Proper Dih.  Improper Dih.      CMAP Dih.
    3.21735e+03    8.59415e+03    9.61015e+03    5.29297e+02   -8.94760e+02
          LJ-14     Coulomb-14        LJ (SR)  Disper. corr.   Coulomb (SR)
    2.81294e+03    4.23103e+04    9.06298e+04   -9.11143e+03   -1.07147e+06
   Coul. recip.      Potential    Kinetic En.   Total Energy  Conserved En.
    6.17936e+03   -9.17591e+05    1.73959e+05   -7.43632e+05   -7.39773e+05
    Temperature Pres. DC (bar) Pressure (bar)   Constr. rmsd
    3.09813e+02   -2.30831e+02    8.52124e+00    0.00000e+00

          Box-X          Box-Y          Box-Z
    9.75416e+00    9.75416e+00    6.89724e+00

   Total Virial (kJ/mol)
    5.78691e+04    9.04712e+01    3.34219e+02
    9.07198e+01    5.77215e+04   -2.13057e+02
    3.33697e+02   -2.13430e+02    5.78654e+04

   Pressure (bar)
    5.47500e+00   -3.07015e+00   -1.71265e+01
   -3.08276e+00    1.40306e+01    1.21980e+01
   -1.71001e+01    1.22169e+01    6.05808e+00

  Epot (kJ/mol)        Coul-SR          LJ-SR        Coul-14          LJ-14   
Protein-Protein   -6.29727e+04   -5.30466e+03    4.23103e+04    2.81294e+03
    Protein-SOL   -1.98566e+04   -1.90990e+03    0.00000e+00    0.00000e+00
   Protein-rest   -3.79234e+01   -2.63310e+00    0.00000e+00    0.00000e+00
        SOL-SOL   -9.13821e+05    9.31305e+04    0.00000e+00    0.00000e+00
       SOL-rest   -4.43510e+04    4.71442e+03    0.00000e+00    0.00000e+00
      rest-rest   -3.04292e+04    2.11928e+00    0.00000e+00    0.00000e+00

      T-Protein        T-Water          T-Ion
    3.09935e+02    3.09798e+02    3.11641e+02


	M E G A - F L O P S   A C C O U N T I N G

 NB=Group-cutoff nonbonded kernels    NxN=N-by-N cluster Verlet kernels
 RF=Reaction-Field  VdW=Van der Waals  QSTab=quadratic-spline table
 W3=SPC/TIP3p  W4=TIP4p (single or pairs)
 V&F=Potential and force  V=Potential only  F=Force only

 Computing:                               M-Number         M-Flops  % Flops
-----------------------------------------------------------------------------
 Pair Search distance check            6465.989364       58193.904     0.1
 NxN Ewald Elec. + LJ [F]            523841.316144    34573526.866    86.2
 NxN Ewald Elec. + LJ [V&F]            5344.490672      571860.502     1.4
 NxN LJ [F]                              39.250144        1295.255     0.0
 NxN LJ [V&F]                             0.397792          17.105     0.0
 NxN Ewald Elec. [F]                  37900.210000     2311912.810     5.8
 NxN Ewald Elec. [V&F]                  386.703216       32483.070     0.1
 1,4 nonbonded interactions              93.959395        8456.346     0.0
 Calc Weights                          1996.789659       71884.428     0.2
 Spread Q Bspline                     42598.179392       85196.359     0.2
 Gather F Bspline                     42598.179392      255589.076     0.6
 3D-FFT                              227347.852512     1818782.820     4.5
 Solve PME                             3034.383408      194200.538     0.5
 Reset In Box                            13.377153          40.131     0.0
 CG-CoM                                  13.443706          40.331     0.0
 Bonds                                   18.821882        1110.491     0.0
 Propers                                 89.858985       20577.708     0.1
 Impropers                                5.990599        1246.045     0.0
 Virial                                  34.019403         612.349     0.0
 Stop-CM                                  6.788406          67.884     0.0
 P-Coupling                              33.343053         200.058     0.0
 Calc-Ekin                               66.686106        1800.525     0.0
 Lincs                                   17.595277        1055.717     0.0
 Lincs-Mat                               57.377208         229.509     0.0
 Constraint-V                           663.632700        5972.694     0.0
 Constraint-Vir                          32.360091         776.642     0.0
 Settle                                 209.502832       77516.048     0.2
 CMAP                                     2.420242        4114.411     0.0
 Urey-Bradley                            65.176517       11927.303     0.0
-----------------------------------------------------------------------------
 Total                                                40110686.924   100.0
-----------------------------------------------------------------------------


    D O M A I N   D E C O M P O S I T I O N   S T A T I S T I C S

 av. #atoms communicated per step for force:  2 x 186491.7


Dynamic load balancing report:
 DLB was turned on during the run due to measured imbalance.
 Average load imbalance: 3.7%.
 The balanceable part of the MD step is 86%, load imbalance is computed from this.
 Part of the total run time spent waiting due to load imbalance: 3.2%.
 Steps where the load balancing was limited by -rdd, -rcon and/or -dds: X 0 % Y 0 %
 Average PME mesh/force load: 0.644
 Part of the total run time spent waiting due to PP/PME imbalance: 8.0 %

NOTE: 8.0 % performance was lost because the PME ranks
      had less work to do than the PP ranks.
      You might want to decrease the number of PME ranks
      or decrease the cut-off and the grid spacing.


      R E A L   C Y C L E   A N D   T I M E   A C C O U N T I N G

On 30 MPI ranks doing PP, and
on 10 MPI ranks doing PME

 Activity:              Num   Num      Call    Wall time         Giga-Cycles
                        Ranks Threads  Count      (s)         total sum    %
--------------------------------------------------------------------------------
 Domain decomp.           30    1        201       0.750         56.212   0.9
 DD comm. load            30    1        200       0.004          0.290   0.0
 DD comm. bounds          30    1        199       0.023          1.691   0.0
 Send X to PME            30    1      10001       0.148         11.125   0.2
 Neighbor search          30    1        201       2.316        173.710   2.9
 Comm. coord.             30    1       9800       1.281         96.067   1.6
 Force                    30    1      10001      49.184       3688.713  61.8
 Wait + Comm. F           30    1      10001       2.802        210.154   3.5
 PME mesh *               10    1      10001      33.301        832.509  14.0
 PME wait for PP *                                26.335        658.359  11.0
 Wait + Recv. PME F       30    1      10001       0.395         29.599   0.5
 NB X/F buffer ops.       30    1      29601       1.209         90.661   1.5
 Write traj.              30    1         21       0.032          2.387   0.0
 Update                   30    1      10001       0.408         30.563   0.5
 Constraints              30    1      10003       0.361         27.069   0.5
 Comm. energies           30    1        501       0.572         42.908   0.7
 Rest                                              0.170         12.722   0.2
--------------------------------------------------------------------------------
 Total                                            59.653       5965.161 100.0
--------------------------------------------------------------------------------
(*) Note that with separate PME ranks, the walltime column actually sums to
    twice the total reported, but the cycle count total and % are correct.
--------------------------------------------------------------------------------
 Breakdown of PME mesh activities
--------------------------------------------------------------------------------
 PME redist. X/F          10    1      20002       4.000         99.993   1.7
 PME spread               10    1      10001       7.759        193.982   3.3
 PME gather               10    1      10001       5.808        145.192   2.4
 PME 3D-FFT               10    1      20002      11.932        298.284   5.0
 PME 3D-FFT Comm.         10    1      20002       2.151         53.764   0.9
 PME solve Elec           10    1      10001       1.621         40.515   0.7
--------------------------------------------------------------------------------

               Core t (s)   Wall t (s)        (%)
       Time:     2386.052       59.653     3999.9
                 (ns/day)    (hour/ns)
Performance:       28.970        0.828
Finished mdrun on rank 0 Tue Mar 17 03:17:46 2026

