                      :-) GROMACS - gmx mdrun, 2024.1 (-:

Copyright 1991-2024 The GROMACS Authors.
GROMACS is free software; you can redistribute it and/or modify it
under the terms of the GNU Lesser General Public License
as published by the Free Software Foundation; either version 2.1
of the License, or (at your option) any later version.

                         Current GROMACS contributors:
       Mark Abraham           Andrey Alekseenko           Vladimir Basov      
      Cathrine Bergh            Eliane Briand               Ania Brown        
      Mahesh Doijade            Giacomo Fiorin          Stefan Fleischmann    
      Sergey Gorelov         Gilles Gouaillardet            Alan Gray         
     M. Eric Irrgang         Farzaneh Jalalypour            Joe Jordan        
     Carsten Kutzner           Justin A. Lemkul          Magnus Lundborg      
       Pascal Merz              Vedran Miletic            Dmitry Morozov      
       Julien Nabet              Szilard Pall        Andrea Pasquadibisceglie 
    Michele Pellegrino          Hubert Santuz             Roland Schulz       
     Tatiana Shugaeva          Alexey Shvetsov            Philip Turner       
     Alessandra Villa      Sebastian Wingbermuehle  

                         Previous GROMACS contributors:
        Emile Apol             Rossen Apostolov           James Barnett       
        Paul Bauer          Herman J.C. Berendsen          Par Bjelkmar       
      Christian Blau          Viacheslav Bolnykh            Kevin Boyd        
    Aldert van Buuren          Carlo Camilloni           Rudi van Drunen      
      Anton Feenstra           Oliver Fleetwood            Vytas Gapsys       
       Gaurav Garg             Gerrit Groenhof            Bert de Groot       
      Anca Hamuraru           Vincent Hindriksen          Victor Holanda      
     Aleksei Iupinov          Christoph Junghans        Prashanth Kanduri     
   Dimitrios Karkoulis           Peter Kasson             Sebastian Kehl      
     Sebastian Keller             Jiri Kraus               Per Larsson        
      Viveca Lindahl            Erik Marklund           Pieter Meulenhoff     
      Teemu Murtola              Sander Pronk             Michael Shirts      
      Alfons Sijbers            Balint Soproni         David van der Spoel    
      Peter Tieleman            Carsten Uphoff             Jon Vincent        
     Teemu Virolainen         Christian Wennberg           Maarten Wolf       
      Artem Zhmurov       

                  Coordinated by the GROMACS project leaders:
                           Berk Hess and Erik Lindahl

GROMACS:      gmx mdrun, version 2024.1
Executable:   /usr/local/gromacs-2024/bin/gmx24
Data prefix:  /usr/local/gromacs-2024
Working dir:  /media/gepess2/ssd/anajul/ofatumumab-cd20/scFvs/nativo/minimizacao
Process ID:   2616847
Command line:
  gmx24 mdrun -nice 4 -s em-vacuo.tpr -deffnm em-vacuo -v

GROMACS version:     2024.1
Precision:           mixed
Memory model:        64 bit
MPI library:         thread_mpi
OpenMP support:      enabled (GMX_OPENMP_MAX_THREADS = 128)
GPU support:         CUDA
NBNxM GPU setup:     super-cluster 2x2x2 / cluster 8
SIMD instructions:   AVX2_256
CPU FFT library:     fftw-3.3.8-sse2-avx-avx2-avx2_128
GPU FFT library:     cuFFT
Multi-GPU FFT:       none
RDTSCP usage:        enabled
TNG support:         enabled
Hwloc support:       disabled
Tracing support:     disabled
C compiler:          /usr/bin/cc GNU 9.4.0
C compiler flags:    -fexcess-precision=fast -funroll-all-loops -mavx2 -mfma -Wno-missing-field-initializers -O3 -DNDEBUG
C++ compiler:        /usr/bin/c++ GNU 9.4.0
C++ compiler flags:  -fexcess-precision=fast -funroll-all-loops -mavx2 -mfma -Wno-missing-field-initializers -Wno-cast-function-type-strict -fopenmp -O3 -DNDEBUG
BLAS library:        Internal
LAPACK library:      Internal
CUDA compiler:       /usr/local/cuda-11/bin/nvcc nvcc: NVIDIA (R) Cuda compiler driver;Copyright (c) 2005-2021 NVIDIA Corporation;Built on Mon_Sep_13_19:13:29_PDT_2021;Cuda compilation tools, release 11.5, V11.5.50;Build cuda_11.5.r11.5/compiler.30411180_0
CUDA compiler flags:-std=c++17;--generate-code=arch=compute_35,code=sm_35;--generate-code=arch=compute_37,code=sm_37;--generate-code=arch=compute_50,code=sm_50;--generate-code=arch=compute_52,code=sm_52;--generate-code=arch=compute_60,code=sm_60;--generate-code=arch=compute_61,code=sm_61;--generate-code=arch=compute_70,code=sm_70;--generate-code=arch=compute_75,code=sm_75;--generate-code=arch=compute_80,code=sm_80;--generate-code=arch=compute_86,code=sm_86;-Wno-deprecated-gpu-targets;--generate-code=arch=compute_53,code=sm_53;--generate-code=arch=compute_80,code=sm_80;-use_fast_math;-Xptxas;-warn-double-usage;-Xptxas;-Werror;-D_FORCE_INLINES;-Xcompiler;-fopenmp;-fexcess-precision=fast -funroll-all-loops -mavx2 -mfma -Wno-missing-field-initializers -Wno-cast-function-type-strict -fopenmp -O3 -DNDEBUG
CUDA driver:         12.20
CUDA runtime:        11.50


Running on 1 node with total 20 cores, 40 processing units, 8 compatible GPUs
Hardware detected on host gepess2:
  CPU info:
    Vendor: Intel
    Brand:  Intel(R) Xeon(R) Gold 5215 CPU @ 2.50GHz
    Family: 6   Model: 85   Stepping: 7
    Features: aes apic avx avx2 avx512f avx512cd avx512bw avx512vl clfsh cmov cx8 cx16 f16c fma htt intel lahf mmx msr nonstop_tsc pcid pclmuldq pdcm pdpe1gb popcnt pse rdrnd rdtscp sse2 sse3 sse4.1 sse4.2 ssse3 tdt x2apic
    Number of AVX-512 FMA units: 1 (For Intel, AVX2 is faster w/o 2 AVX-512 FMA units)
  Hardware topology: Basic
    Packages, cores, and logical processors:
    [indices refer to OS logical processors]
      Package  0: [   0  20] [   1  21] [   2  22] [   3  23] [   4  24] [   5  25] [   6  26] [   7  27] [   8  28] [   9  29]
      Package  1: [  10  30] [  11  31] [  12  32] [  13  33] [  14  34] [  15  35] [  16  36] [  17  37] [  18  38] [  19  39]
    CPU limit set by OS: -1   Recommended max number of threads: 40
  GPU info:
    Number of GPUs detected: 8
    #0: NVIDIA NVIDIA RTX A6000, compute cap.: 8.6, ECC:  no, stat: compatible
    #1: NVIDIA NVIDIA RTX A6000, compute cap.: 8.6, ECC:  no, stat: compatible
    #2: NVIDIA NVIDIA RTX A6000, compute cap.: 8.6, ECC:  no, stat: compatible
    #3: NVIDIA NVIDIA RTX A6000, compute cap.: 8.6, ECC:  no, stat: compatible
    #4: NVIDIA NVIDIA RTX A6000, compute cap.: 8.6, ECC:  no, stat: compatible
    #5: NVIDIA NVIDIA RTX A6000, compute cap.: 8.6, ECC:  no, stat: compatible
    #6: NVIDIA NVIDIA RTX A6000, compute cap.: 8.6, ECC:  no, stat: compatible
    #7: NVIDIA NVIDIA RTX A6000, compute cap.: 8.6, ECC:  no, stat: compatible


++++ PLEASE READ AND CITE THE FOLLOWING REFERENCE ++++
M. J. Abraham, T. Murtola, R. Schulz, S. Páll, J. C. Smith, B. Hess, E.
Lindahl
GROMACS: High performance molecular simulations through multi-level
parallelism from laptops to supercomputers
SoftwareX 1 (2015) pp. 19-25
-------- -------- --- Thank You --- -------- --------


++++ PLEASE READ AND CITE THE FOLLOWING REFERENCE ++++
S. Páll, M. J. Abraham, C. Kutzner, B. Hess, E. Lindahl
Tackling Exascale Software Challenges in Molecular Dynamics Simulations with
GROMACS
In S. Markidis & E. Laure (Eds.), Solving Software Challenges for Exascale 8759 (2015) pp. 3-27
-------- -------- --- Thank You --- -------- --------


++++ PLEASE READ AND CITE THE FOLLOWING REFERENCE ++++
S. Pronk, S. Páll, R. Schulz, P. Larsson, P. Bjelkmar, R. Apostolov, M. R.
Shirts, J. C. Smith, P. M. Kasson, D. van der Spoel, B. Hess, and E. Lindahl
GROMACS 4.5: a high-throughput and highly parallel open source molecular
simulation toolkit
Bioinformatics 29 (2013) pp. 845-54
-------- -------- --- Thank You --- -------- --------


++++ PLEASE READ AND CITE THE FOLLOWING REFERENCE ++++
B. Hess and C. Kutzner and D. van der Spoel and E. Lindahl
GROMACS 4: Algorithms for highly efficient, load-balanced, and scalable
molecular simulation
J. Chem. Theory Comput. 4 (2008) pp. 435-447
-------- -------- --- Thank You --- -------- --------


++++ PLEASE READ AND CITE THE FOLLOWING REFERENCE ++++
D. van der Spoel, E. Lindahl, B. Hess, G. Groenhof, A. E. Mark and H. J. C.
Berendsen
GROMACS: Fast, Flexible and Free
J. Comp. Chem. 26 (2005) pp. 1701-1719
-------- -------- --- Thank You --- -------- --------


++++ PLEASE READ AND CITE THE FOLLOWING REFERENCE ++++
E. Lindahl and B. Hess and D. van der Spoel
GROMACS 3.0: A package for molecular simulation and trajectory analysis
J. Mol. Mod. 7 (2001) pp. 306-317
-------- -------- --- Thank You --- -------- --------


++++ PLEASE READ AND CITE THE FOLLOWING REFERENCE ++++
H. J. C. Berendsen, D. van der Spoel and R. van Drunen
GROMACS: A message-passing parallel molecular dynamics implementation
Comp. Phys. Comm. 91 (1995) pp. 43-56
-------- -------- --- Thank You --- -------- --------


++++ PLEASE CITE THE DOI FOR THIS VERSION OF GROMACS ++++
https://doi.org/10.5281/zenodo.10721181
-------- -------- --- Thank You --- -------- --------

Input Parameters:
   integrator                     = steep
   tinit                          = 0
   dt                             = 0.002
   nsteps                         = 50000
   init-step                      = 0
   simulation-part                = 1
   mts                            = false
   mass-repartition-factor        = 1
   comm-mode                      = Linear
   nstcomm                        = 100
   bd-fric                        = 0
   ld-seed                        = 2126345919
   emtol                          = 1000
   emstep                         = 0.01
   niter                          = 20
   fcstep                         = 0
   nstcgsteep                     = 1000
   nbfgscorr                      = 10
   rtpi                           = 0.05
   nstxout                        = 0
   nstvout                        = 0
   nstfout                        = 0
   nstlog                         = 1000
   nstcalcenergy                  = 100
   nstenergy                      = 500
   nstxout-compressed             = 0
   compressed-x-precision         = 1000
   cutoff-scheme                  = Verlet
   nstlist                        = 20
   pbc                            = xyz
   periodic-molecules             = false
   verlet-buffer-tolerance        = 0.005
   verlet-buffer-pressure-tolerance = 0.5
   rlist                          = 1.05
   coulombtype                    = PME
   coulomb-modifier               = Potential-shift
   rcoulomb-switch                = 0
   rcoulomb                       = 1
   epsilon-r                      = 1
   epsilon-rf                     = inf
   vdw-type                       = Cut-off
   vdw-modifier                   = Potential-shift
   rvdw-switch                    = 0
   rvdw                           = 1
   DispCorr                       = No
   table-extension                = 1
   fourierspacing                 = 0.12
   fourier-nx                     = 84
   fourier-ny                     = 84
   fourier-nz                     = 84
   pme-order                      = 4
   ewald-rtol                     = 1e-05
   ewald-rtol-lj                  = 0.001
   lj-pme-comb-rule               = Geometric
   ewald-geometry                 = 3d
   epsilon-surface                = 0
   ensemble-temperature-setting   = not available
   tcoupl                         = No
   nsttcouple                     = -1
   nh-chain-length                = 0
   print-nose-hoover-chain-variables = false
   pcoupl                         = No
   refcoord-scaling               = No
   posres-com (3):
      posres-com[0]= 0.00000e+00
      posres-com[1]= 0.00000e+00
      posres-com[2]= 0.00000e+00
   posres-comB (3):
      posres-comB[0]= 0.00000e+00
      posres-comB[1]= 0.00000e+00
      posres-comB[2]= 0.00000e+00
   QMMM                           = false
qm-opts:
   ngQM                           = 0
   constraint-algorithm           = Lincs
   continuation                   = false
   Shake-SOR                      = false
   shake-tol                      = 0.0001
   lincs-order                    = 4
   lincs-iter                     = 1
   lincs-warnangle                = 30
   nwall                          = 0
   wall-type                      = 9-3
   wall-r-linpot                  = -1
   wall-atomtype[0]               = -1
   wall-atomtype[1]               = -1
   wall-density[0]                = 0
   wall-density[1]                = 0
   wall-ewald-zfac                = 3
   pull                           = false
   awh                            = false
   rotation                       = false
   interactiveMD                  = false
   disre                          = No
   disre-weighting                = Conservative
   disre-mixed                    = false
   dr-fc                          = 1000
   dr-tau                         = 0
   nstdisreout                    = 100
   orire-fc                       = 0
   orire-tau                      = 0
   nstorireout                    = 100
   free-energy                    = no
   cos-acceleration               = 0
   deform (3x3):
      deform[    0]={ 0.00000e+00,  0.00000e+00,  0.00000e+00}
      deform[    1]={ 0.00000e+00,  0.00000e+00,  0.00000e+00}
      deform[    2]={ 0.00000e+00,  0.00000e+00,  0.00000e+00}
   simulated-tempering            = false
   swapcoords                     = no
   userint1                       = 0
   userint2                       = 0
   userint3                       = 0
   userint4                       = 0
   userreal1                      = 0
   userreal2                      = 0
   userreal3                      = 0
   userreal4                      = 0
   applied-forces:
     electric-field:
       x:
         E0                       = 0
         omega                    = 0
         t0                       = 0
         sigma                    = 0
       y:
         E0                       = 0
         omega                    = 0
         t0                       = 0
         sigma                    = 0
       z:
         E0                       = 0
         omega                    = 0
         t0                       = 0
         sigma                    = 0
     density-guided-simulation:
       active                     = false
       group                      = protein
       similarity-measure         = inner-product
       atom-spreading-weight      = unity
       force-constant             = 1e+09
       gaussian-transform-spreading-width = 0.2
       gaussian-transform-spreading-range-in-multiples-of-width = 4
       reference-density-filename = reference.mrc
       nst                        = 1
       normalize-densities        = true
       adaptive-force-scaling     = false
       adaptive-force-scaling-time-constant = 4
       shift-vector               = 
       transformation-matrix      = 
     qmmm-cp2k:
       active                     = false
       qmgroup                    = System
       qmmethod                   = PBE
       qmfilenames                = 
       qmcharge                   = 0
       qmmultiplicity             = 1
     colvars:
       active                     = false
       configfile                 = 
       seed                       = -1
grpopts:
   nrdf:       10788
   ref-t:           0
   tau-t:           0
annealing:          No
annealing-npoints:           0
   acc:	           0           0           0
   nfreeze:           N           N           N
   energygrp-flags[  0]: 0

When checking whether update groups are usable:
  No constraints or virtual sites are in use, so it is best not to use update groups

Update task can not run on the GPU, because the following condition(s) were not satisfied:

Only the md integrator is supported.

Initializing Domain Decomposition on 8 ranks
NOTE: disabling dynamic load balancing as it is only supported with dynamics, not with integrator 'steep'.
Dynamic load balancing: off
Minimum cell size due to atom displacement: 0.050 nm
Initial maximum distances in bonded interactions:
    two-body bonded interactions: 0.448 nm, LJ-14, atoms 321 1457
  multi-body bonded interactions: 0.483 nm, CMAP Dih., atoms 360 382
Minimum cell size due to bonded interactions: 0.531 nm
Using 0 separate PME ranks because: PME-only ranks are not automatically used when non-bonded interactions are computed on GPUs; there are too few total ranks for efficient splitting
Optimizing the DD grid for 8 cells with a minimum initial size of 0.531 nm
The maximum allowed number of cells is: X 15 Y 15 Z 13
Domain decomposition grid 8 x 1 x 1, separate PME ranks 0
PME domain decomposition: 8 x 1 x 1
Domain decomposition rank 0, coordinates 0 0 0

The initial number of communication pulses is: X 2
The initial domain decomposition cell size is: X 1.01 nm

The maximum allowed distance for atoms involved in interactions is:
                 non-bonded interactions           1.050 nm
            two-body bonded interactions  (-rdd)   1.050 nm
          multi-body bonded interactions  (-rdd)   1.005 nm

On host gepess2 8 GPUs selected for this run.
Mapping of GPU IDs to the 8 GPU tasks in the 8 ranks on this node:
  PP:0,PP:1,PP:2,PP:3,PP:4,PP:5,PP:6,PP:7
PP tasks will do (non-perturbed) short-ranged interactions on the GPU
PP task will update and constrain coordinates on the CPU
Using 8 MPI threads
Using 5 OpenMP threads per tMPI thread

System total charge: 2.000
Will do PME sum in reciprocal space for electrostatic interactions.

++++ PLEASE READ AND CITE THE FOLLOWING REFERENCE ++++
U. Essmann, L. Perera, M. L. Berkowitz, T. Darden, H. Lee and L. G. Pedersen 
A smooth particle mesh Ewald method
J. Chem. Phys. 103 (1995) pp. 8577-8592
-------- -------- --- Thank You --- -------- --------

Using a Gaussian width (1/beta) of 0.320163 nm for Ewald
Potential shift: LJ r^-12: -1.000e+00 r^-6: -1.000e+00, Ewald -1.000e-05
Initialized non-bonded Coulomb Ewald tables, spacing: 9.33e-04 size: 1073

Generated table with 1025 data points for 1-4 COUL.
Tabscale = 500 points/nm
Generated table with 1025 data points for 1-4 LJ6.
Tabscale = 500 points/nm
Generated table with 1025 data points for 1-4 LJ12.
Tabscale = 500 points/nm


Using GPU 8x8 nonbonded short-range kernels

Using a 8x8 pair-list setup:
  updated every 20 steps, buffer 0.050 nm, rlist 1.050 nm

Using full Lennard-Jones parameter combination matrix
Removing pbc first time

Linking all bonded interactions to atoms


Pinning threads with an auto-selected logical cpu stride of 1

Note that activating steepest-descent energy minimization via the integrator .mdp option and the command gmx mdrun may be available in a different form in a future version of GROMACS, e.g. gmx minimize and an .mdp option.
Initiating Steepest Descents

Atom distribution over 8 domains: av 449 stddev 470 min 0 max 1157
Started Steepest Descents on rank 0 Mon Mar 16 21:59:23 2026


Steepest Descents:
   Tolerance (Fmax)   =  1.00000e+03
   Number of steps    =        50000
           Step           Time
              0        0.00000

   Energies (kJ/mol)
           Bond            U-B    Proper Dih.  Improper Dih.      CMAP Dih.
    1.98944e+04    4.90244e+03    8.67449e+03    4.14735e+02   -2.64445e+02
          LJ-14     Coulomb-14        LJ (SR)   Coulomb (SR)   Coul. recip.
    4.22208e+03    4.40531e+04   -3.09006e+03   -6.13072e+04    6.66676e+03
      Potential Pressure (bar)
    2.41663e+04    4.25395e+03

           Step           Time
              1        1.00000

   Energies (kJ/mol)
           Bond            U-B    Proper Dih.  Improper Dih.      CMAP Dih.
    1.23006e+04    4.45751e+03    8.67386e+03    2.68329e+02   -2.79127e+02
          LJ-14     Coulomb-14        LJ (SR)   Coulomb (SR)   Coul. recip.
    4.16033e+03    4.39917e+04   -3.19438e+03   -6.13433e+04    6.61116e+03
      Potential Pressure (bar)
    1.56466e+04    3.91865e+03

           Step           Time
              2        2.00000

   Energies (kJ/mol)
           Bond            U-B    Proper Dih.  Improper Dih.      CMAP Dih.
    6.30342e+03    4.09035e+03    8.67562e+03    1.74061e+02   -2.96948e+02
          LJ-14     Coulomb-14        LJ (SR)   Coulomb (SR)   Coul. recip.
    4.06155e+03    4.39071e+04   -3.26004e+03   -6.13777e+04    6.55764e+03
      Potential Pressure (bar)
    8.83504e+03    3.39345e+03


DD  step 2 load imb.: force  9.7%
           Step           Time
              3        3.00000

   Energies (kJ/mol)
           Bond            U-B    Proper Dih.  Improper Dih.      CMAP Dih.
    2.78393e+03    3.52771e+03    8.67204e+03    1.23140e+02   -3.15144e+02
          LJ-14     Coulomb-14        LJ (SR)   Coulomb (SR)   Coul. recip.
    3.89438e+03    4.38007e+04   -3.29881e+03   -6.14061e+04    6.51227e+03
      Potential Pressure (bar)
    4.29408e+03    2.69816e+03

           Step           Time
              4        4.00000

   Energies (kJ/mol)
           Bond            U-B    Proper Dih.  Improper Dih.      CMAP Dih.
    1.03178e+03    2.62488e+03    8.65990e+03    8.96790e+01   -3.32889e+02
          LJ-14     Coulomb-14        LJ (SR)   Coulomb (SR)   Coul. recip.
    3.60883e+03    4.36659e+04   -3.36170e+03   -6.14431e+04    6.45530e+03
      Potential Pressure (bar)
    9.98563e+02    1.77468e+03

           Step           Time
              5        5.00000

   Energies (kJ/mol)
           Bond            U-B    Proper Dih.  Improper Dih.      CMAP Dih.
    8.19870e+02    2.10394e+03    8.67617e+03    1.01573e+02   -3.48330e+02
          LJ-14     Coulomb-14        LJ (SR)   Coulomb (SR)   Coul. recip.
    3.07949e+03    4.35192e+04   -3.62217e+03   -6.15501e+04    6.32593e+03
      Potential Pressure (bar)
   -8.94438e+02    3.32570e+02

           Step           Time
              6        6.00000

   Energies (kJ/mol)
           Bond            U-B    Proper Dih.  Improper Dih.      CMAP Dih.
    1.12424e+03    2.02004e+03    8.67786e+03    9.60522e+01   -3.54958e+02
          LJ-14     Coulomb-14        LJ (SR)   Coulomb (SR)   Coul. recip.
    3.05394e+03    4.34100e+04   -3.74309e+03   -6.15846e+04    6.31475e+03
      Potential Pressure (bar)
   -9.85706e+02    4.35914e+02

           Step           Time
              7        7.00000

   Energies (kJ/mol)
           Bond            U-B    Proper Dih.  Improper Dih.      CMAP Dih.
    8.50788e+02    2.05506e+03    8.67073e+03    9.42881e+01   -3.56347e+02
          LJ-14     Coulomb-14        LJ (SR)   Coulomb (SR)   Coul. recip.
    3.05355e+03    4.34527e+04   -3.82100e+03   -6.16008e+04    6.29017e+03
      Potential Pressure (bar)
   -1.31085e+03    4.98127e+02

           Step           Time
              8        8.00000

           Step           Time
              9        9.00000

   Energies (kJ/mol)
           Bond            U-B    Proper Dih.  Improper Dih.      CMAP Dih.
    6.94339e+02    2.03184e+03    8.67018e+03    9.64530e+01   -3.58425e+02
          LJ-14     Coulomb-14        LJ (SR)   Coulomb (SR)   Coul. recip.
    3.03881e+03    4.34185e+04   -3.84575e+03   -6.16112e+04    6.28042e+03
      Potential Pressure (bar)
   -1.58482e+03    4.99722e+02

           Step           Time
             10       10.00000

           Step           Time
             11       11.00000

   Energies (kJ/mol)
           Bond            U-B    Proper Dih.  Improper Dih.      CMAP Dih.
    7.42699e+02    2.03383e+03    8.67081e+03    9.69699e+01   -3.61194e+02
          LJ-14     Coulomb-14        LJ (SR)   Coulomb (SR)   Coul. recip.
    3.01461e+03    4.34195e+04   -3.90363e+03   -6.16299e+04    6.26517e+03
      Potential Pressure (bar)
   -1.65110e+03    4.92738e+02

           Step           Time
             12       12.00000

   Energies (kJ/mol)
           Bond            U-B    Proper Dih.  Improper Dih.      CMAP Dih.
    7.34207e+02    2.06892e+03    8.66988e+03    9.94044e+01   -3.63625e+02
          LJ-14     Coulomb-14        LJ (SR)   Coulomb (SR)   Coul. recip.
    3.00046e+03    4.33901e+04   -3.93881e+03   -6.16506e+04    6.24433e+03
      Potential Pressure (bar)
   -1.74574e+03    4.88563e+02

           Step           Time
             13       13.00000

           Step           Time
             14       14.00000

   Energies (kJ/mol)
           Bond            U-B    Proper Dih.  Improper Dih.      CMAP Dih.
    6.90177e+02    2.04633e+03    8.67076e+03    9.90291e+01   -3.64447e+02
          LJ-14     Coulomb-14        LJ (SR)   Coulomb (SR)   Coul. recip.
    2.98862e+03    4.34016e+04   -3.96103e+03   -6.16568e+04    6.24214e+03
      Potential Pressure (bar)
   -1.84366e+03    4.78546e+02

           Step           Time
             15       15.00000

           Step           Time
             16       16.00000

   Energies (kJ/mol)
           Bond            U-B    Proper Dih.  Improper Dih.      CMAP Dih.
    6.97009e+02    2.07241e+03    8.67045e+03    1.00297e+02   -3.66444e+02
          LJ-14     Coulomb-14        LJ (SR)   Coulomb (SR)   Coul. recip.
    2.97515e+03    4.33834e+04   -3.99099e+03   -6.16756e+04    6.22389e+03
      Potential Pressure (bar)
   -1.91040e+03    4.71142e+02

           Step           Time
             17       17.00000

   Energies (kJ/mol)
           Bond            U-B    Proper Dih.  Improper Dih.      CMAP Dih.
    7.29831e+02    2.06378e+03    8.67183e+03    1.00949e+02   -3.68149e+02
          LJ-14     Coulomb-14        LJ (SR)   Coulomb (SR)   Coul. recip.
    2.95475e+03    4.33939e+04   -4.02758e+03   -6.16897e+04    6.21685e+03
      Potential Pressure (bar)
   -1.95352e+03    4.50315e+02

           Step           Time
             18       18.00000

   Energies (kJ/mol)
           Bond            U-B    Proper Dih.  Improper Dih.      CMAP Dih.
    7.42872e+02    2.10766e+03    8.67108e+03    1.02156e+02   -3.70422e+02
          LJ-14     Coulomb-14        LJ (SR)   Coulomb (SR)   Coul. recip.
    2.94269e+03    4.33655e+04   -4.05577e+03   -6.17132e+04    6.19158e+03
      Potential Pressure (bar)
   -2.01590e+03    4.44897e+02

           Step           Time
             19       19.00000

   Energies (kJ/mol)
           Bond            U-B    Proper Dih.  Improper Dih.      CMAP Dih.
    7.58477e+02    2.07915e+03    8.67281e+03    1.02421e+02   -3.71020e+02
          LJ-14     Coulomb-14        LJ (SR)   Coulomb (SR)   Coul. recip.
    2.92862e+03    4.33885e+04   -4.07595e+03   -6.17169e+04    6.19616e+03
      Potential Pressure (bar)
   -2.03766e+03    4.26302e+02

           Step           Time
             20       20.00000

   Energies (kJ/mol)
           Bond            U-B    Proper Dih.  Improper Dih.      CMAP Dih.
    8.27175e+02    2.14939e+03    8.67167e+03    1.03513e+02   -3.73751e+02
          LJ-14     Coulomb-14        LJ (SR)   Coulomb (SR)   Coul. recip.
    2.91657e+03    4.33501e+04   -4.10597e+03   -6.17465e+04    6.16267e+03
      Potential Pressure (bar)
   -2.04521e+03    4.21473e+02

           Step           Time
             21       21.00000

   Energies (kJ/mol)
           Bond            U-B    Proper Dih.  Improper Dih.      CMAP Dih.
    8.23763e+02    2.09733e+03    8.67400e+03    1.03719e+02   -3.73606e+02
          LJ-14     Coulomb-14        LJ (SR)   Coulomb (SR)   Coul. recip.
    2.90449e+03    4.33871e+04   -4.11855e+03   -6.17421e+04    6.17800e+03
      Potential Pressure (bar)
   -2.06591e+03    4.01978e+02

           Step           Time
             22       22.00000

           Step           Time
             23       23.00000

   Energies (kJ/mol)
           Bond            U-B    Proper Dih.  Improper Dih.      CMAP Dih.
    7.05689e+02    2.11269e+03    8.67303e+03    1.04059e+02   -3.75315e+02
          LJ-14     Coulomb-14        LJ (SR)   Coulomb (SR)   Coul. recip.
    2.89874e+03    4.33605e+04   -4.13490e+03   -6.17604e+04    6.15551e+03
      Potential Pressure (bar)
   -2.26039e+03    4.04537e+02

           Step           Time
             24       24.00000

           Step           Time
             25       25.00000

   Energies (kJ/mol)
           Bond            U-B    Proper Dih.  Improper Dih.      CMAP Dih.
    7.27411e+02    2.10668e+03    8.67451e+03    1.04972e+02   -3.76971e+02
          LJ-14     Coulomb-14        LJ (SR)   Coulomb (SR)   Coul. recip.
    2.88063e+03    4.33699e+04   -4.16352e+03   -6.17756e+04    6.14790e+03
      Potential Pressure (bar)
   -2.30413e+03    3.84333e+02

           Step           Time
             26       26.00000

   Energies (kJ/mol)
           Bond            U-B    Proper Dih.  Improper Dih.      CMAP Dih.
    7.36334e+02    2.13989e+03    8.67403e+03    1.05340e+02   -3.78742e+02
          LJ-14     Coulomb-14        LJ (SR)   Coulomb (SR)   Coul. recip.
    2.87249e+03    4.33491e+04   -4.18233e+03   -6.17948e+04    6.12646e+03
      Potential Pressure (bar)
   -2.35230e+03    3.80800e+02

           Step           Time
             27       27.00000

   Energies (kJ/mol)
           Bond            U-B    Proper Dih.  Improper Dih.      CMAP Dih.
    7.51313e+02    2.11828e+03    8.67562e+03    1.05914e+02   -3.79345e+02
          LJ-14     Coulomb-14        LJ (SR)   Coulomb (SR)   Coul. recip.
    2.86067e+03    4.33678e+04   -4.19762e+03   -6.17996e+04    6.12979e+03
      Potential Pressure (bar)
   -2.36721e+03    3.64950e+02

           Step           Time
             28       28.00000

   Energies (kJ/mol)
           Bond            U-B    Proper Dih.  Improper Dih.      CMAP Dih.
    7.92439e+02    2.17053e+03    8.67483e+03    1.06281e+02   -3.81517e+02
          LJ-14     Coulomb-14        LJ (SR)   Coulomb (SR)   Coul. recip.
    2.85243e+03    4.33384e+04   -4.21829e+03   -6.18235e+04    6.10164e+03
      Potential Pressure (bar)
   -2.38674e+03    3.62660e+02

           Step           Time
             29       29.00000

   Energies (kJ/mol)
           Bond            U-B    Proper Dih.  Improper Dih.      CMAP Dih.
    7.99139e+02    2.13108e+03    8.67685e+03    1.06788e+02   -3.81531e+02
          LJ-14     Coulomb-14        LJ (SR)   Coulomb (SR)   Coul. recip.
    2.84217e+03    4.33680e+04   -4.22823e+03   -6.18217e+04    6.11379e+03
      Potential Pressure (bar)
   -2.39367e+03    3.46030e+02

           Step           Time
             30       30.00000

           Step           Time
             31       31.00000

   Energies (kJ/mol)
           Bond            U-B    Proper Dih.  Improper Dih.      CMAP Dih.
    7.19080e+02    2.14644e+03    8.67615e+03    1.06867e+02   -3.82900e+02
          LJ-14     Coulomb-14        LJ (SR)   Coulomb (SR)   Coul. recip.
    2.83828e+03    4.33471e+04   -4.23968e+03   -6.18362e+04    6.09510e+03
      Potential Pressure (bar)
   -2.52976e+03    3.48691e+02

           Step           Time
             32       32.00000

           Step           Time
             33       33.00000

   Energies (kJ/mol)
           Bond            U-B    Proper Dih.  Improper Dih.      CMAP Dih.
    7.38199e+02    2.14287e+03    8.67768e+03    1.07661e+02   -3.84659e+02
          LJ-14     Coulomb-14        LJ (SR)   Coulomb (SR)   Coul. recip.
    2.82183e+03    4.33547e+04   -4.26463e+03   -6.18532e+04    6.08544e+03
      Potential Pressure (bar)
   -2.57417e+03    3.30517e+02

           Step           Time
             34       34.00000

   Energies (kJ/mol)
           Bond            U-B    Proper Dih.  Improper Dih.      CMAP Dih.
    7.42377e+02    2.16943e+03    8.67741e+03    1.07889e+02   -3.86097e+02
          LJ-14     Coulomb-14        LJ (SR)   Coulomb (SR)   Coul. recip.
    2.81597e+03    4.33379e+04   -4.27797e+03   -6.18684e+04    6.06760e+03
      Potential Pressure (bar)
   -2.61394e+03    3.28964e+02

           Step           Time
             35       35.00000

   Energies (kJ/mol)
           Bond            U-B    Proper Dih.  Improper Dih.      CMAP Dih.
    7.56526e+02    2.15197e+03    8.67884e+03    1.08361e+02   -3.86754e+02
          LJ-14     Coulomb-14        LJ (SR)   Coulomb (SR)   Coul. recip.
    2.80605e+03    4.33531e+04   -4.29033e+03   -6.18743e+04    6.06924e+03
      Potential Pressure (bar)
   -2.62723e+03    3.15364e+02

           Step           Time
             36       36.00000

   Energies (kJ/mol)
           Bond            U-B    Proper Dih.  Improper Dih.      CMAP Dih.
    7.83531e+02    2.19362e+03    8.67834e+03    1.08601e+02   -3.88537e+02
          LJ-14     Coulomb-14        LJ (SR)   Coulomb (SR)   Coul. recip.
    2.80005e+03    4.33290e+04   -4.30531e+03   -6.18932e+04    6.04561e+03
      Potential Pressure (bar)
   -2.64827e+03    3.15189e+02

           Step           Time
             37       37.00000

   Energies (kJ/mol)
           Bond            U-B    Proper Dih.  Improper Dih.      CMAP Dih.
    7.92270e+02    2.16159e+03    8.68008e+03    1.09024e+02   -3.88702e+02
          LJ-14     Coulomb-14        LJ (SR)   Coulomb (SR)   Coul. recip.
    2.79132e+03    4.33533e+04   -4.31362e+03   -6.18937e+04    6.05486e+03
      Potential Pressure (bar)
   -2.65361e+03    3.00410e+02

           Step           Time
             38       38.00000

           Step           Time
             39       39.00000

   Energies (kJ/mol)
           Bond            U-B    Proper Dih.  Improper Dih.      CMAP Dih.
    7.33341e+02    2.17630e+03    8.67960e+03    1.09080e+02   -3.89824e+02
          LJ-14     Coulomb-14        LJ (SR)   Coulomb (SR)   Coul. recip.
    2.78853e+03    4.33359e+04   -4.32200e+03   -6.19051e+04    6.03911e+03
      Potential Pressure (bar)
   -2.75508e+03    3.03514e+02


Steepest Descents converged to Fmax < 1000 in 40 steps
Potential Energy  = -2.7550818e+03
Maximum force     =  7.2950604e+02 on atom 3573
Norm of force     =  8.3508818e+01

    D O M A I N   D E C O M P O S I T I O N   S T A T I S T I C S

 av. #atoms communicated per step for force:  2 x 3739.9

Finished mdrun on rank 0 Mon Mar 16 21:59:33 2026

